{"/home/travis/build/npmtest/node-npmtest-json-query/test.js":{"path":"/home/travis/build/npmtest/node-npmtest-json-query/test.js","s":{"1":2,"2":2,"3":2,"4":2,"5":2,"6":2,"7":2,"8":1,"9":2,"10":2,"11":1,"12":1,"13":1,"14":1,"15":2,"16":2,"17":2,"18":2,"19":1,"20":1,"21":2,"22":2,"23":2,"24":1,"25":1,"26":1,"27":1,"28":1,"29":1,"30":1,"31":1,"32":1,"33":1,"34":1,"35":1,"36":1,"37":2,"38":2,"39":1,"40":2,"41":2,"42":1,"43":2,"44":2,"45":1,"46":2,"47":2,"48":1,"49":1,"50":1,"51":1,"52":1},"b":{"1":[2,1,1,1],"2":[1,1,1,1],"3":[1,1],"4":[1,1],"5":[1,1],"6":[1,1],"7":[1,1],"8":[1,1],"9":[1,1,1],"10":[1,1],"11":[1,1],"12":[1,1],"13":[1,1],"14":[1,1],"15":[1,1],"16":[1,1]},"f":{"1":2,"2":2,"3":2,"4":2,"5":2,"6":1,"7":1,"8":2,"9":2,"10":2,"11":2,"12":1},"fnMap":{"1":{"name":"(anonymous_1)","line":12,"loc":{"start":{"line":12,"column":1},"end":{"line":12,"column":13}}},"2":{"name":"(anonymous_2)","line":19,"loc":{"start":{"line":19,"column":5},"end":{"line":19,"column":17}}},"3":{"name":"(anonymous_3)","line":23,"loc":{"start":{"line":23,"column":24},"end":{"line":23,"column":36}}},"4":{"name":"(anonymous_4)","line":61,"loc":{"start":{"line":61,"column":5},"end":{"line":61,"column":17}}},"5":{"name":"(anonymous_5)","line":82,"loc":{"start":{"line":82,"column":5},"end":{"line":82,"column":17}}},"6":{"name":"(anonymous_6)","line":102,"loc":{"start":{"line":102,"column":83},"end":{"line":105,"column":10}},"skip":true},"7":{"name":"(anonymous_7)","line":113,"loc":{"start":{"line":113,"column":77},"end":{"line":116,"column":10}},"skip":true},"8":{"name":"(anonymous_8)","line":129,"loc":{"start":{"line":129,"column":12},"end":{"line":129,"column":40}},"skip":true},"9":{"name":"(anonymous_9)","line":137,"loc":{"start":{"line":137,"column":77},"end":{"line":140,"column":10}},"skip":true},"10":{"name":"(anonymous_10)","line":148,"loc":{"start":{"line":148,"column":83},"end":{"line":151,"column":10}},"skip":true},"11":{"name":"(anonymous_11)","line":159,"loc":{"start":{"line":159,"column":79},"end":{"line":162,"column":10}},"skip":true},"12":{"name":"(anonymous_12)","line":170,"loc":{"start":{"line":170,"column":75},"end":{"line":173,"column":10}},"skip":true}},"statementMap":{"1":{"start":{"line":12,"column":0},"end":{"line":185,"column":5}},"2":{"start":{"line":14,"column":4},"end":{"line":14,"column":14}},"3":{"start":{"line":19,"column":4},"end":{"line":56,"column":9}},"4":{"start":{"line":21,"column":8},"end":{"line":21,"column":19}},"5":{"start":{"line":23,"column":8},"end":{"line":35,"column":13}},"6":{"start":{"line":24,"column":12},"end":{"line":34,"column":13}},"7":{"start":{"line":25,"column":16},"end":{"line":28,"column":30}},"8":{"start":{"line":30,"column":16},"end":{"line":33,"column":27}},"9":{"start":{"line":37,"column":8},"end":{"line":39,"column":21}},"10":{"start":{"line":40,"column":8},"end":{"line":53,"column":9}},"11":{"start":{"line":43,"column":12},"end":{"line":46,"column":14}},"12":{"start":{"line":47,"column":12},"end":{"line":47,"column":18}},"13":{"start":{"line":50,"column":12},"end":{"line":51,"column":46}},"14":{"start":{"line":52,"column":12},"end":{"line":52,"column":18}},"15":{"start":{"line":55,"column":8},"end":{"line":55,"column":35}},"16":{"start":{"line":61,"column":4},"end":{"line":63,"column":9}},"17":{"start":{"line":62,"column":8},"end":{"line":62,"column":15}},"18":{"start":{"line":64,"column":4},"end":{"line":77,"column":5}},"19":{"start":{"line":70,"column":8},"end":{"line":70,"column":14}},"20":{"start":{"line":76,"column":8},"end":{"line":76,"column":14}},"21":{"start":{"line":82,"column":4},"end":{"line":84,"column":9}},"22":{"start":{"line":83,"column":8},"end":{"line":83,"column":15}},"23":{"start":{"line":85,"column":4},"end":{"line":184,"column":5}},"24":{"start":{"line":92,"column":8},"end":{"line":94,"column":63}},"25":{"start":{"line":95,"column":8},"end":{"line":95,"column":14}},"26":{"start":{"line":102,"column":8},"end":{"line":111,"column":10},"skip":true},"27":{"start":{"line":109,"column":12},"end":{"line":109,"column":55},"skip":true},"28":{"start":{"line":110,"column":12},"end":{"line":110,"column":48},"skip":true},"29":{"start":{"line":113,"column":8},"end":{"line":126,"column":10},"skip":true},"30":{"start":{"line":120,"column":12},"end":{"line":120,"column":76},"skip":true},"31":{"start":{"line":121,"column":12},"end":{"line":121,"column":73},"skip":true},"32":{"start":{"line":122,"column":12},"end":{"line":122,"column":74},"skip":true},"33":{"start":{"line":123,"column":12},"end":{"line":123,"column":79},"skip":true},"34":{"start":{"line":124,"column":12},"end":{"line":124,"column":25},"skip":true},"35":{"start":{"line":125,"column":12},"end":{"line":125,"column":45},"skip":true},"36":{"start":{"line":128,"column":8},"end":{"line":135,"column":14},"skip":true},"37":{"start":{"line":133,"column":16},"end":{"line":133,"column":29},"skip":true},"38":{"start":{"line":134,"column":16},"end":{"line":134,"column":55},"skip":true},"39":{"start":{"line":137,"column":8},"end":{"line":146,"column":10},"skip":true},"40":{"start":{"line":144,"column":12},"end":{"line":144,"column":25},"skip":true},"41":{"start":{"line":145,"column":12},"end":{"line":145,"column":45},"skip":true},"42":{"start":{"line":148,"column":8},"end":{"line":157,"column":10},"skip":true},"43":{"start":{"line":155,"column":12},"end":{"line":155,"column":25},"skip":true},"44":{"start":{"line":156,"column":12},"end":{"line":156,"column":48},"skip":true},"45":{"start":{"line":159,"column":8},"end":{"line":168,"column":10},"skip":true},"46":{"start":{"line":166,"column":12},"end":{"line":166,"column":25},"skip":true},"47":{"start":{"line":167,"column":12},"end":{"line":167,"column":46},"skip":true},"48":{"start":{"line":170,"column":8},"end":{"line":179,"column":10},"skip":true},"49":{"start":{"line":177,"column":12},"end":{"line":177,"column":94},"skip":true},"50":{"start":{"line":178,"column":12},"end":{"line":178,"column":48},"skip":true},"51":{"start":{"line":182,"column":8},"end":{"line":182,"column":35},"skip":true},"52":{"start":{"line":183,"column":8},"end":{"line":183,"column":14},"skip":true}},"branchMap":{"1":{"line":25,"type":"binary-expr","locations":[{"start":{"line":25,"column":23},"end":{"line":25,"column":62}},{"start":{"line":26,"column":20},"end":{"line":26,"column":70}},{"start":{"line":27,"column":20},"end":{"line":27,"column":71}},{"start":{"line":28,"column":20},"end":{"line":28,"column":29}}]},"2":{"line":30,"type":"binary-expr","locations":[{"start":{"line":30,"column":23},"end":{"line":30,"column":37}},{"start":{"line":31,"column":20},"end":{"line":31,"column":61}},{"start":{"line":32,"column":20},"end":{"line":32,"column":70}},{"start":{"line":33,"column":20},"end":{"line":33,"column":26}}]},"3":{"line":37,"type":"cond-expr","locations":[{"start":{"line":38,"column":14},"end":{"line":38,"column":20}},{"start":{"line":39,"column":14},"end":{"line":39,"column":20}}]},"4":{"line":40,"type":"switch","locations":[{"start":{"line":42,"column":8},"end":{"line":47,"column":18}},{"start":{"line":49,"column":8},"end":{"line":52,"column":18}}]},"5":{"line":44,"type":"binary-expr","locations":[{"start":{"line":44,"column":16},"end":{"line":44,"column":44}},{"start":{"line":44,"column":48},"end":{"line":44,"column":66}}]},"6":{"line":50,"type":"binary-expr","locations":[{"start":{"line":50,"column":21},"end":{"line":50,"column":49}},{"start":{"line":50,"column":53},"end":{"line":50,"column":72}}]},"7":{"line":64,"type":"switch","locations":[{"start":{"line":69,"column":4},"end":{"line":70,"column":14}},{"start":{"line":75,"column":4},"end":{"line":76,"column":14}}]},"8":{"line":85,"type":"switch","locations":[{"start":{"line":90,"column":4},"end":{"line":95,"column":14}},{"start":{"line":101,"column":4},"end":{"line":183,"column":14},"skip":true}]},"9":{"line":92,"type":"binary-expr","locations":[{"start":{"line":92,"column":18},"end":{"line":92,"column":32}},{"start":{"line":93,"column":12},"end":{"line":93,"column":53}},{"start":{"line":94,"column":12},"end":{"line":94,"column":61}}]},"10":{"line":102,"type":"binary-expr","locations":[{"start":{"line":102,"column":45},"end":{"line":102,"column":79},"skip":true},{"start":{"line":102,"column":83},"end":{"line":111,"column":9},"skip":true}]},"11":{"line":113,"type":"binary-expr","locations":[{"start":{"line":113,"column":42},"end":{"line":113,"column":73},"skip":true},{"start":{"line":113,"column":77},"end":{"line":126,"column":9},"skip":true}]},"12":{"line":128,"type":"binary-expr","locations":[{"start":{"line":128,"column":48},"end":{"line":128,"column":85},"skip":true},{"start":{"line":129,"column":12},"end":{"line":135,"column":13},"skip":true}]},"13":{"line":137,"type":"binary-expr","locations":[{"start":{"line":137,"column":42},"end":{"line":137,"column":73},"skip":true},{"start":{"line":137,"column":77},"end":{"line":146,"column":9},"skip":true}]},"14":{"line":148,"type":"binary-expr","locations":[{"start":{"line":148,"column":45},"end":{"line":148,"column":79},"skip":true},{"start":{"line":148,"column":83},"end":{"line":157,"column":9},"skip":true}]},"15":{"line":159,"type":"binary-expr","locations":[{"start":{"line":159,"column":43},"end":{"line":159,"column":75},"skip":true},{"start":{"line":159,"column":79},"end":{"line":168,"column":9},"skip":true}]},"16":{"line":170,"type":"binary-expr","locations":[{"start":{"line":170,"column":41},"end":{"line":170,"column":71},"skip":true},{"start":{"line":170,"column":75},"end":{"line":179,"column":9},"skip":true}]}},"code":["/* istanbul instrument in package npmtest_json_query */","/*jslint","    bitwise: true,","    browser: true,","    maxerr: 8,","    maxlen: 96,","    node: true,","    nomen: true,","    regexp: true,","    stupid: true","*/","(function () {","    'use strict';","    var local;","","","","    // run shared js-env code - pre-init","    (function () {","        // init local","        local = {};","        // init modeJs","        local.modeJs = (function () {","            try {","                return typeof navigator.userAgent === 'string' &&","                    typeof document.querySelector('body') === 'object' &&","                    typeof XMLHttpRequest.prototype.open === 'function' &&","                    'browser';","            } catch (errorCaughtBrowser) {","                return module.exports &&","                    typeof process.versions.node === 'string' &&","                    typeof require('http').createServer === 'function' &&","                    'node';","            }","        }());","        // init global","        local.global = local.modeJs === 'browser'","            ? window","            : global;","        switch (local.modeJs) {","        // re-init local from window.local","        case 'browser':","            local = local.global.utility2.objectSetDefault(","                local.global.utility2_rollup || local.global.local,","                local.global.utility2","            );","            break;","        // re-init local from example.js","        case 'node':","            local = (local.global.utility2_rollup || require('utility2'))","                .requireExampleJsFromReadme();","            break;","        }","        // export local","        local.global.local = local;","    }());","","","","    // run shared js-env code - function","    (function () {","        return;","    }());","    switch (local.modeJs) {","","","","    // run browser js-env code - function","    case 'browser':","        break;","","","","    // run node js-env code - function","    case 'node':","        break;","    }","","","","    // run shared js-env code - post-init","    (function () {","        return;","    }());","    switch (local.modeJs) {","","","","    // run browser js-env code - post-init","    case 'browser':","        // run tests","        local.nop(local.modeTest &&","            document.querySelector('#testRunButton1') &&","            document.querySelector('#testRunButton1').click());","        break;","","","","    // run node js-env code - post-init","    /* istanbul ignore next */","    case 'node':","        local.testCase_buildApidoc_default = local.testCase_buildApidoc_default || function (","            options,","            onError","        ) {","        /*","         * this function will test buildApidoc's default handling-behavior-behavior","         */","            options = { modulePathList: module.paths };","            local.buildApidoc(options, onError);","        };","","        local.testCase_buildApp_default = local.testCase_buildApp_default || function (","            options,","            onError","        ) {","        /*","         * this function will test buildApp's default handling-behavior-behavior","         */","            local.testCase_buildReadme_default(options, local.onErrorThrow);","            local.testCase_buildLib_default(options, local.onErrorThrow);","            local.testCase_buildTest_default(options, local.onErrorThrow);","            local.testCase_buildCustomOrg_default(options, local.onErrorThrow);","            options = [];","            local.buildApp(options, onError);","        };","","        local.testCase_buildCustomOrg_default = local.testCase_buildCustomOrg_default ||","            function (options, onError) {","            /*","             * this function will test buildCustomOrg's default handling-behavior","             */","                options = {};","                local.buildCustomOrg(options, onError);","            };","","        local.testCase_buildLib_default = local.testCase_buildLib_default || function (","            options,","            onError","        ) {","        /*","         * this function will test buildLib's default handling-behavior","         */","            options = {};","            local.buildLib(options, onError);","        };","","        local.testCase_buildReadme_default = local.testCase_buildReadme_default || function (","            options,","            onError","        ) {","        /*","         * this function will test buildReadme's default handling-behavior-behavior","         */","            options = {};","            local.buildReadme(options, onError);","        };","","        local.testCase_buildTest_default = local.testCase_buildTest_default || function (","            options,","            onError","        ) {","        /*","         * this function will test buildTest's default handling-behavior","         */","            options = {};","            local.buildTest(options, onError);","        };","","        local.testCase_webpage_default = local.testCase_webpage_default || function (","            options,","            onError","        ) {","        /*","         * this function will test webpage's default handling-behavior","         */","            options = { modeCoverageMerge: true, url: local.serverLocalHost + '?modeTest=1' };","            local.browserTest(options, onError);","        };","","        // run test-server","        local.testRunServer(local);","        break;","    }","}());",""],"l":{"12":2,"14":2,"19":2,"21":2,"23":2,"24":2,"25":2,"30":1,"37":2,"40":2,"43":1,"47":1,"50":1,"52":1,"55":2,"61":2,"62":2,"64":2,"70":1,"76":1,"82":2,"83":2,"85":2,"92":1,"95":1,"102":1,"109":1,"110":1,"113":1,"120":1,"121":1,"122":1,"123":1,"124":1,"125":1,"128":1,"133":2,"134":2,"137":1,"144":2,"145":2,"148":1,"155":2,"156":2,"159":1,"166":2,"167":2,"170":1,"177":1,"178":1,"182":1,"183":1}},"/home/travis/build/npmtest/node-npmtest-json-query/lib.npmtest_json_query.js":{"path":"/home/travis/build/npmtest/node-npmtest-json-query/lib.npmtest_json_query.js","s":{"1":2,"2":2,"3":2,"4":2,"5":2,"6":2,"7":2,"8":1,"9":2,"10":2,"11":2,"12":2,"13":1,"14":1,"15":1,"16":1},"b":{"1":[2,1,1,1],"2":[1,1,1,1],"3":[1,1],"4":[2,2],"5":[1,1]},"f":{"1":2,"2":2,"3":2},"fnMap":{"1":{"name":"(anonymous_1)","line":12,"loc":{"start":{"line":12,"column":1},"end":{"line":12,"column":13}}},"2":{"name":"(anonymous_2)","line":19,"loc":{"start":{"line":19,"column":5},"end":{"line":19,"column":17}}},"3":{"name":"(anonymous_3)","line":23,"loc":{"start":{"line":23,"column":24},"end":{"line":23,"column":36}}}},"statementMap":{"1":{"start":{"line":12,"column":0},"end":{"line":53,"column":5}},"2":{"start":{"line":14,"column":4},"end":{"line":14,"column":14}},"3":{"start":{"line":19,"column":4},"end":{"line":52,"column":9}},"4":{"start":{"line":21,"column":8},"end":{"line":21,"column":19}},"5":{"start":{"line":23,"column":8},"end":{"line":35,"column":13}},"6":{"start":{"line":24,"column":12},"end":{"line":34,"column":13}},"7":{"start":{"line":25,"column":16},"end":{"line":28,"column":30}},"8":{"start":{"line":30,"column":16},"end":{"line":33,"column":27}},"9":{"start":{"line":37,"column":8},"end":{"line":39,"column":21}},"10":{"start":{"line":41,"column":8},"end":{"line":41,"column":54}},"11":{"start":{"line":43,"column":8},"end":{"line":43,"column":55}},"12":{"start":{"line":45,"column":8},"end":{"line":51,"column":9}},"13":{"start":{"line":46,"column":12},"end":{"line":46,"column":61}},"14":{"start":{"line":48,"column":12},"end":{"line":48,"column":35}},"15":{"start":{"line":49,"column":12},"end":{"line":49,"column":49}},"16":{"start":{"line":50,"column":12},"end":{"line":50,"column":43}}},"branchMap":{"1":{"line":25,"type":"binary-expr","locations":[{"start":{"line":25,"column":23},"end":{"line":25,"column":62}},{"start":{"line":26,"column":20},"end":{"line":26,"column":70}},{"start":{"line":27,"column":20},"end":{"line":27,"column":71}},{"start":{"line":28,"column":20},"end":{"line":28,"column":29}}]},"2":{"line":30,"type":"binary-expr","locations":[{"start":{"line":30,"column":23},"end":{"line":30,"column":37}},{"start":{"line":31,"column":20},"end":{"line":31,"column":61}},{"start":{"line":32,"column":20},"end":{"line":32,"column":70}},{"start":{"line":33,"column":20},"end":{"line":33,"column":26}}]},"3":{"line":37,"type":"cond-expr","locations":[{"start":{"line":38,"column":14},"end":{"line":38,"column":20}},{"start":{"line":39,"column":14},"end":{"line":39,"column":20}}]},"4":{"line":41,"type":"binary-expr","locations":[{"start":{"line":41,"column":16},"end":{"line":41,"column":44}},{"start":{"line":41,"column":48},"end":{"line":41,"column":53}}]},"5":{"line":45,"type":"if","locations":[{"start":{"line":45,"column":8},"end":{"line":45,"column":8}},{"start":{"line":45,"column":8},"end":{"line":45,"column":8}}]}},"code":["/* istanbul instrument in package npmtest_json_query */","/*jslint","    bitwise: true,","    browser: true,","    maxerr: 8,","    maxlen: 96,","    node: true,","    nomen: true,","    regexp: true,","    stupid: true","*/","(function () {","    'use strict';","    var local;","","","","    // run shared js-env code - pre-init","    (function () {","        // init local","        local = {};","        // init modeJs","        local.modeJs = (function () {","            try {","                return typeof navigator.userAgent === 'string' &&","                    typeof document.querySelector('body') === 'object' &&","                    typeof XMLHttpRequest.prototype.open === 'function' &&","                    'browser';","            } catch (errorCaughtBrowser) {","                return module.exports &&","                    typeof process.versions.node === 'string' &&","                    typeof require('http').createServer === 'function' &&","                    'node';","            }","        }());","        // init global","        local.global = local.modeJs === 'browser'","            ? window","            : global;","        // init utility2_rollup","        local = local.global.utility2_rollup || local;","        // init lib","        local.local = local.npmtest_json_query = local;","        // init exports","        if (local.modeJs === 'browser') {","            local.global.utility2_npmtest_json_query = local;","        } else {","            module.exports = local;","            module.exports.__dirname = __dirname;","            module.exports.module = module;","        }","    }());","}());",""],"l":{"12":2,"14":2,"19":2,"21":2,"23":2,"24":2,"25":2,"30":1,"37":2,"41":2,"43":2,"45":2,"46":1,"48":1,"49":1,"50":1}},"/home/travis/build/npmtest/node-npmtest-json-query/example.js":{"path":"/home/travis/build/npmtest/node-npmtest-json-query/example.js","s":{"1":2,"2":2,"3":2,"4":2,"5":2,"6":2,"7":2,"8":1,"9":2,"10":2,"11":2,"12":2,"13":1,"14":2,"15":2,"16":2,"17":2,"18":2,"19":0,"20":2,"21":1,"22":1,"23":1,"24":1,"25":1,"26":0,"27":0,"28":1,"29":1,"30":2,"31":0,"32":0,"33":0,"34":1,"35":2,"36":2,"37":2,"38":2,"39":2,"40":2,"41":0,"42":2,"43":2,"44":2,"45":1,"46":3,"47":1,"48":1,"49":1,"50":1,"51":1,"52":1,"53":1,"54":1,"55":1,"56":1,"57":0,"58":1,"59":6,"60":6,"61":1,"62":2,"63":0,"64":2,"65":1,"66":1,"67":0,"68":0,"69":0,"70":0,"71":0,"72":0,"73":0,"74":0,"75":0,"76":0,"77":0,"78":0,"79":0,"80":0,"81":0,"82":0,"83":0},"b":{"1":[2,1,1,1],"2":[1,1,1,1],"3":[1,1],"4":[2,2],"5":[1,1],"6":[1,1],"7":[2,0],"8":[2,1,1,1,1,1],"9":[0,2,0],"10":[1,1],"11":[2,1,1],"12":[1,0],"13":[0,2],"14":[2,0,0,0,0,0,0],"15":[0,2],"16":[2,0],"17":[1,1],"18":[0,1],"19":[1,2,0,2],"20":[1,0],"21":[1,1],"22":[0,0],"23":[0,0],"24":[0,0],"25":[0,0],"26":[0,0],"27":[0,0],"28":[0,0]},"f":{"1":2,"2":2,"3":2,"4":2,"5":2,"6":2,"7":2,"8":2,"9":3,"10":1,"11":6,"12":0},"fnMap":{"1":{"name":"(anonymous_1)","line":26,"loc":{"start":{"line":26,"column":1},"end":{"line":26,"column":13}}},"2":{"name":"(anonymous_2)","line":33,"loc":{"start":{"line":33,"column":5},"end":{"line":33,"column":17}}},"3":{"name":"(anonymous_3)","line":37,"loc":{"start":{"line":37,"column":24},"end":{"line":37,"column":36}}},"4":{"name":"(anonymous_4)","line":69,"loc":{"start":{"line":69,"column":31},"end":{"line":69,"column":48}},"skip":true},"5":{"name":"(anonymous_5)","line":78,"loc":{"start":{"line":78,"column":26},"end":{"line":78,"column":45}},"skip":true},"6":{"name":"(anonymous_6)","line":123,"loc":{"start":{"line":123,"column":33},"end":{"line":123,"column":48}},"skip":true},"7":{"name":"(anonymous_7)","line":125,"loc":{"start":{"line":125,"column":27},"end":{"line":125,"column":39}},"skip":true},"8":{"name":"(anonymous_8)","line":133,"loc":{"start":{"line":133,"column":59},"end":{"line":133,"column":74}},"skip":true},"9":{"name":"(anonymous_9)","line":143,"loc":{"start":{"line":143,"column":45},"end":{"line":143,"column":62}},"skip":true},"10":{"name":"(anonymous_10)","line":144,"loc":{"start":{"line":144,"column":73},"end":{"line":144,"column":92}},"skip":true},"11":{"name":"(anonymous_11)","line":272,"loc":{"start":{"line":272,"column":51},"end":{"line":272,"column":77}},"skip":true},"12":{"name":"(anonymous_12)","line":314,"loc":{"start":{"line":314,"column":32},"end":{"line":314,"column":61}},"skip":true}},"statementMap":{"1":{"start":{"line":26,"column":0},"end":{"line":325,"column":5}},"2":{"start":{"line":28,"column":4},"end":{"line":28,"column":14}},"3":{"start":{"line":33,"column":4},"end":{"line":60,"column":9}},"4":{"start":{"line":35,"column":8},"end":{"line":35,"column":19}},"5":{"start":{"line":37,"column":8},"end":{"line":49,"column":13}},"6":{"start":{"line":38,"column":12},"end":{"line":48,"column":13}},"7":{"start":{"line":39,"column":16},"end":{"line":42,"column":30}},"8":{"start":{"line":44,"column":16},"end":{"line":47,"column":27}},"9":{"start":{"line":51,"column":8},"end":{"line":53,"column":21}},"10":{"start":{"line":55,"column":8},"end":{"line":57,"column":45}},"11":{"start":{"line":59,"column":8},"end":{"line":59,"column":35}},"12":{"start":{"line":61,"column":4},"end":{"line":324,"column":5}},"13":{"start":{"line":69,"column":8},"end":{"line":121,"column":10},"skip":true},"14":{"start":{"line":70,"column":12},"end":{"line":88,"column":13},"skip":true},"15":{"start":{"line":76,"column":16},"end":{"line":87,"column":19},"skip":true},"16":{"start":{"line":79,"column":20},"end":{"line":86,"column":21},"skip":true},"17":{"start":{"line":82,"column":24},"end":{"line":82,"column":43},"skip":true},"18":{"start":{"line":83,"column":24},"end":{"line":83,"column":30},"skip":true},"19":{"start":{"line":85,"column":24},"end":{"line":85,"column":49},"skip":true},"20":{"start":{"line":89,"column":12},"end":{"line":107,"column":13},"skip":true},"21":{"start":{"line":92,"column":16},"end":{"line":102,"column":17},"skip":true},"22":{"start":{"line":93,"column":20},"end":{"line":93,"column":86},"skip":true},"23":{"start":{"line":94,"column":20},"end":{"line":95,"column":45},"skip":true},"24":{"start":{"line":96,"column":20},"end":{"line":96,"column":42},"skip":true},"25":{"start":{"line":97,"column":20},"end":{"line":97,"column":48},"skip":true},"26":{"start":{"line":100,"column":20},"end":{"line":100,"column":85},"skip":true},"27":{"start":{"line":101,"column":20},"end":{"line":101,"column":96},"skip":true},"28":{"start":{"line":103,"column":16},"end":{"line":103,"column":22},"skip":true},"29":{"start":{"line":106,"column":16},"end":{"line":106,"column":22},"skip":true},"30":{"start":{"line":108,"column":12},"end":{"line":120,"column":13},"skip":true},"31":{"start":{"line":114,"column":16},"end":{"line":119,"column":17},"skip":true},"32":{"start":{"line":116,"column":20},"end":{"line":116,"column":78},"skip":true},"33":{"start":{"line":118,"column":20},"end":{"line":118,"column":53},"skip":true},"34":{"start":{"line":123,"column":8},"end":{"line":141,"column":11},"skip":true},"35":{"start":{"line":124,"column":12},"end":{"line":124,"column":54},"skip":true},"36":{"start":{"line":125,"column":12},"end":{"line":140,"column":14},"skip":true},"37":{"start":{"line":126,"column":16},"end":{"line":126,"column":28},"skip":true},"38":{"start":{"line":127,"column":16},"end":{"line":127,"column":69},"skip":true},"39":{"start":{"line":128,"column":16},"end":{"line":128,"column":75},"skip":true},"40":{"start":{"line":129,"column":16},"end":{"line":131,"column":17},"skip":true},"41":{"start":{"line":130,"column":20},"end":{"line":130,"column":27},"skip":true},"42":{"start":{"line":133,"column":16},"end":{"line":137,"column":36},"skip":true},"43":{"start":{"line":134,"column":20},"end":{"line":136,"column":55},"skip":true},"44":{"start":{"line":139,"column":16},"end":{"line":139,"column":57},"skip":true},"45":{"start":{"line":143,"column":8},"end":{"line":147,"column":11},"skip":true},"46":{"start":{"line":144,"column":12},"end":{"line":146,"column":15},"skip":true},"47":{"start":{"line":145,"column":16},"end":{"line":145,"column":70},"skip":true},"48":{"start":{"line":149,"column":8},"end":{"line":149,"column":31},"skip":true},"49":{"start":{"line":150,"column":8},"end":{"line":150,"column":14},"skip":true},"50":{"start":{"line":158,"column":8},"end":{"line":158,"column":31},"skip":true},"51":{"start":{"line":160,"column":8},"end":{"line":160,"column":33},"skip":true},"52":{"start":{"line":161,"column":8},"end":{"line":161,"column":37},"skip":true},"53":{"start":{"line":162,"column":8},"end":{"line":162,"column":35},"skip":true},"54":{"start":{"line":164,"column":8},"end":{"line":164,"column":50},"skip":true},"55":{"start":{"line":166,"column":8},"end":{"line":256,"column":2},"skip":true},"56":{"start":{"line":258,"column":8},"end":{"line":286,"column":9},"skip":true},"57":{"start":{"line":259,"column":12},"end":{"line":269,"column":14},"skip":true},"58":{"start":{"line":271,"column":12},"end":{"line":285,"column":19},"skip":true},"59":{"start":{"line":274,"column":20},"end":{"line":274,"column":35},"skip":true},"60":{"start":{"line":275,"column":20},"end":{"line":284,"column":21},"skip":true},"61":{"start":{"line":277,"column":24},"end":{"line":277,"column":64},"skip":true},"62":{"start":{"line":279,"column":24},"end":{"line":279,"column":40},"skip":true},"63":{"start":{"line":281,"column":24},"end":{"line":281,"column":40},"skip":true},"64":{"start":{"line":283,"column":24},"end":{"line":283,"column":39},"skip":true},"65":{"start":{"line":288,"column":8},"end":{"line":290,"column":9},"skip":true},"66":{"start":{"line":289,"column":12},"end":{"line":289,"column":18},"skip":true},"67":{"start":{"line":291,"column":8},"end":{"line":293,"column":54},"skip":true},"68":{"start":{"line":294,"column":8},"end":{"line":301,"column":37},"skip":true},"69":{"start":{"line":302,"column":8},"end":{"line":302,"column":82},"skip":true},"70":{"start":{"line":305,"column":8},"end":{"line":307,"column":9},"skip":true},"71":{"start":{"line":306,"column":12},"end":{"line":306,"column":82},"skip":true},"72":{"start":{"line":309,"column":8},"end":{"line":311,"column":9},"skip":true},"73":{"start":{"line":310,"column":12},"end":{"line":310,"column":18},"skip":true},"74":{"start":{"line":312,"column":8},"end":{"line":312,"column":54},"skip":true},"75":{"start":{"line":313,"column":8},"end":{"line":313,"column":69},"skip":true},"76":{"start":{"line":314,"column":8},"end":{"line":322,"column":36},"skip":true},"77":{"start":{"line":315,"column":12},"end":{"line":315,"column":61},"skip":true},"78":{"start":{"line":316,"column":12},"end":{"line":319,"column":13},"skip":true},"79":{"start":{"line":317,"column":16},"end":{"line":317,"column":75},"skip":true},"80":{"start":{"line":318,"column":16},"end":{"line":318,"column":23},"skip":true},"81":{"start":{"line":320,"column":12},"end":{"line":320,"column":38},"skip":true},"82":{"start":{"line":321,"column":12},"end":{"line":321,"column":27},"skip":true},"83":{"start":{"line":323,"column":8},"end":{"line":323,"column":14},"skip":true}},"branchMap":{"1":{"line":39,"type":"binary-expr","locations":[{"start":{"line":39,"column":23},"end":{"line":39,"column":62}},{"start":{"line":40,"column":20},"end":{"line":40,"column":70}},{"start":{"line":41,"column":20},"end":{"line":41,"column":71}},{"start":{"line":42,"column":20},"end":{"line":42,"column":29}}]},"2":{"line":44,"type":"binary-expr","locations":[{"start":{"line":44,"column":23},"end":{"line":44,"column":37}},{"start":{"line":45,"column":20},"end":{"line":45,"column":61}},{"start":{"line":46,"column":20},"end":{"line":46,"column":70}},{"start":{"line":47,"column":20},"end":{"line":47,"column":26}}]},"3":{"line":51,"type":"cond-expr","locations":[{"start":{"line":52,"column":14},"end":{"line":52,"column":20}},{"start":{"line":53,"column":14},"end":{"line":53,"column":20}}]},"4":{"line":55,"type":"binary-expr","locations":[{"start":{"line":55,"column":16},"end":{"line":55,"column":44}},{"start":{"line":55,"column":49},"end":{"line":57,"column":43}}]},"5":{"line":55,"type":"cond-expr","locations":[{"start":{"line":56,"column":14},"end":{"line":56,"column":54}},{"start":{"line":57,"column":14},"end":{"line":57,"column":43}}]},"6":{"line":61,"type":"switch","locations":[{"start":{"line":68,"column":4},"end":{"line":150,"column":14},"skip":true},{"start":{"line":156,"column":4},"end":{"line":323,"column":14},"skip":true}]},"7":{"line":70,"type":"if","locations":[{"start":{"line":70,"column":12},"end":{"line":70,"column":12},"skip":true},{"start":{"line":70,"column":12},"end":{"line":70,"column":12},"skip":true}]},"8":{"line":70,"type":"binary-expr","locations":[{"start":{"line":70,"column":16},"end":{"line":70,"column":22},"skip":true},{"start":{"line":70,"column":27},"end":{"line":70,"column":32},"skip":true},{"start":{"line":71,"column":20},"end":{"line":71,"column":39},"skip":true},{"start":{"line":72,"column":20},"end":{"line":72,"column":49},"skip":true},{"start":{"line":73,"column":20},"end":{"line":73,"column":58},"skip":true},{"start":{"line":74,"column":20},"end":{"line":74,"column":69},"skip":true}]},"9":{"line":79,"type":"switch","locations":[{"start":{"line":80,"column":20},"end":{"line":80,"column":33},"skip":true},{"start":{"line":81,"column":20},"end":{"line":83,"column":30},"skip":true},{"start":{"line":84,"column":20},"end":{"line":85,"column":49},"skip":true}]},"10":{"line":89,"type":"switch","locations":[{"start":{"line":90,"column":12},"end":{"line":103,"column":22},"skip":true},{"start":{"line":105,"column":12},"end":{"line":106,"column":22},"skip":true}]},"11":{"line":89,"type":"binary-expr","locations":[{"start":{"line":89,"column":20},"end":{"line":89,"column":25},"skip":true},{"start":{"line":89,"column":29},"end":{"line":89,"column":48},"skip":true},{"start":{"line":89,"column":52},"end":{"line":89,"column":74},"skip":true}]},"12":{"line":92,"type":"if","locations":[{"start":{"line":92,"column":16},"end":{"line":92,"column":16},"skip":true},{"start":{"line":92,"column":16},"end":{"line":92,"column":16},"skip":true}]},"13":{"line":108,"type":"if","locations":[{"start":{"line":108,"column":12},"end":{"line":108,"column":12},"skip":true},{"start":{"line":108,"column":12},"end":{"line":108,"column":12},"skip":true}]},"14":{"line":108,"type":"binary-expr","locations":[{"start":{"line":108,"column":16},"end":{"line":108,"column":61},"skip":true},{"start":{"line":108,"column":66},"end":{"line":108,"column":72},"skip":true},{"start":{"line":108,"column":77},"end":{"line":108,"column":82},"skip":true},{"start":{"line":109,"column":20},"end":{"line":109,"column":39},"skip":true},{"start":{"line":110,"column":20},"end":{"line":110,"column":49},"skip":true},{"start":{"line":111,"column":20},"end":{"line":111,"column":58},"skip":true},{"start":{"line":112,"column":20},"end":{"line":112,"column":68},"skip":true}]},"15":{"line":129,"type":"if","locations":[{"start":{"line":129,"column":16},"end":{"line":129,"column":16},"skip":true},{"start":{"line":129,"column":16},"end":{"line":129,"column":16},"skip":true}]},"16":{"line":134,"type":"cond-expr","locations":[{"start":{"line":135,"column":26},"end":{"line":135,"column":29},"skip":true},{"start":{"line":136,"column":26},"end":{"line":136,"column":54},"skip":true}]},"17":{"line":164,"type":"binary-expr","locations":[{"start":{"line":164,"column":27},"end":{"line":164,"column":43},"skip":true},{"start":{"line":164,"column":47},"end":{"line":164,"column":49},"skip":true}]},"18":{"line":258,"type":"if","locations":[{"start":{"line":258,"column":8},"end":{"line":258,"column":8},"skip":true},{"start":{"line":258,"column":8},"end":{"line":258,"column":8},"skip":true}]},"19":{"line":275,"type":"switch","locations":[{"start":{"line":276,"column":20},"end":{"line":277,"column":64},"skip":true},{"start":{"line":278,"column":20},"end":{"line":279,"column":40},"skip":true},{"start":{"line":280,"column":20},"end":{"line":281,"column":40},"skip":true},{"start":{"line":282,"column":20},"end":{"line":283,"column":39},"skip":true}]},"20":{"line":288,"type":"if","locations":[{"start":{"line":288,"column":8},"end":{"line":288,"column":8},"skip":true},{"start":{"line":288,"column":8},"end":{"line":288,"column":8},"skip":true}]},"21":{"line":288,"type":"binary-expr","locations":[{"start":{"line":288,"column":12},"end":{"line":288,"column":40},"skip":true},{"start":{"line":288,"column":44},"end":{"line":288,"column":67},"skip":true}]},"22":{"line":292,"type":"binary-expr","locations":[{"start":{"line":292,"column":12},"end":{"line":292,"column":50},"skip":true},{"start":{"line":293,"column":12},"end":{"line":293,"column":53},"skip":true}]},"23":{"line":295,"type":"binary-expr","locations":[{"start":{"line":295,"column":12},"end":{"line":295,"column":68},"skip":true},{"start":{"line":296,"column":12},"end":{"line":301,"column":36},"skip":true}]},"24":{"line":302,"type":"binary-expr","locations":[{"start":{"line":302,"column":43},"end":{"line":302,"column":75},"skip":true},{"start":{"line":302,"column":79},"end":{"line":302,"column":81},"skip":true}]},"25":{"line":305,"type":"if","locations":[{"start":{"line":305,"column":8},"end":{"line":305,"column":8},"skip":true},{"start":{"line":305,"column":8},"end":{"line":305,"column":8},"skip":true}]},"26":{"line":309,"type":"if","locations":[{"start":{"line":309,"column":8},"end":{"line":309,"column":8},"skip":true},{"start":{"line":309,"column":8},"end":{"line":309,"column":8},"skip":true}]},"27":{"line":312,"type":"binary-expr","locations":[{"start":{"line":312,"column":27},"end":{"line":312,"column":43},"skip":true},{"start":{"line":312,"column":47},"end":{"line":312,"column":53},"skip":true}]},"28":{"line":316,"type":"if","locations":[{"start":{"line":316,"column":12},"end":{"line":316,"column":12},"skip":true},{"start":{"line":316,"column":12},"end":{"line":316,"column":12},"skip":true}]}},"code":["/*","example.js","","quickstart example","","instruction","    1. save this script as example.js","    2. run the shell command:","        $ npm install npmtest-json-query && PORT=8081 node example.js","    3. play with the browser-demo on http://127.0.0.1:8081","*/","","","","/* istanbul instrument in package npmtest_json_query */","/*jslint","    bitwise: true,","    browser: true,","    maxerr: 8,","    maxlen: 96,","    node: true,","    nomen: true,","    regexp: true,","    stupid: true","*/","(function () {","    'use strict';","    var local;","","","","    // run shared js-env code - pre-init","    (function () {","        // init local","        local = {};","        // init modeJs","        local.modeJs = (function () {","            try {","                return typeof navigator.userAgent === 'string' &&","                    typeof document.querySelector('body') === 'object' &&","                    typeof XMLHttpRequest.prototype.open === 'function' &&","                    'browser';","            } catch (errorCaughtBrowser) {","                return module.exports &&","                    typeof process.versions.node === 'string' &&","                    typeof require('http').createServer === 'function' &&","                    'node';","            }","        }());","        // init global","        local.global = local.modeJs === 'browser'","            ? window","            : global;","        // init utility2_rollup","        local = local.global.utility2_rollup || (local.modeJs === 'browser'","            ? local.global.utility2_npmtest_json_query","            : global.utility2_moduleExports);","        // export local","        local.global.local = local;","    }());","    switch (local.modeJs) {","","","","    // post-init","    // run browser js-env code - post-init","    /* istanbul ignore next */","    case 'browser':","        local.testRunBrowser = function (event) {","            if (!event || (event &&","                    event.currentTarget &&","                    event.currentTarget.className &&","                    event.currentTarget.className.includes &&","                    event.currentTarget.className.includes('onreset'))) {","                // reset output","                Array.from(","                    document.querySelectorAll('body > .resettable')","                ).forEach(function (element) {","                    switch (element.tagName) {","                    case 'INPUT':","                    case 'TEXTAREA':","                        element.value = '';","                        break;","                    default:","                        element.textContent = '';","                    }","                });","            }","            switch (event && event.currentTarget && event.currentTarget.id) {","            case 'testRunButton1':","                // show tests","                if (document.querySelector('#testReportDiv1').style.display === 'none') {","                    document.querySelector('#testReportDiv1').style.display = 'block';","                    document.querySelector('#testRunButton1').textContent =","                        'hide internal test';","                    local.modeTest = true;","                    local.testRunDefault(local);","                // hide tests","                } else {","                    document.querySelector('#testReportDiv1').style.display = 'none';","                    document.querySelector('#testRunButton1').textContent = 'run internal test';","                }","                break;","            // custom-case","            default:","                break;","            }","            if (document.querySelector('#inputTextareaEval1') && (!event || (event &&","                    event.currentTarget &&","                    event.currentTarget.className &&","                    event.currentTarget.className.includes &&","                    event.currentTarget.className.includes('oneval')))) {","                // try to eval input-code","                try {","                    /*jslint evil: true*/","                    eval(document.querySelector('#inputTextareaEval1').value);","                } catch (errorCaught) {","                    console.error(errorCaught.stack);","                }","            }","        };","        // log stderr and stdout to #outputTextareaStdout1","        ['error', 'log'].forEach(function (key) {","            console[key + '_original'] = console[key];","            console[key] = function () {","                var element;","                console[key + '_original'].apply(console, arguments);","                element = document.querySelector('#outputTextareaStdout1');","                if (!element) {","                    return;","                }","                // append text to #outputTextareaStdout1","                element.value += Array.from(arguments).map(function (arg) {","                    return typeof arg === 'string'","                        ? arg","                        : JSON.stringify(arg, null, 4);","                }).join(' ') + '\\n';","                // scroll textarea to bottom","                element.scrollTop = element.scrollHeight;","            };","        });","        // init event-handling","        ['change', 'click', 'keyup'].forEach(function (event) {","            Array.from(document.querySelectorAll('.on' + event)).forEach(function (element) {","                element.addEventListener(event, local.testRunBrowser);","            });","        });","        // run tests","        local.testRunBrowser();","        break;","","","","    // run node js-env code - post-init","    /* istanbul ignore next */","    case 'node':","        // export local","        module.exports = local;","        // require modules","        local.fs = require('fs');","        local.http = require('http');","        local.url = require('url');","        // init assets","        local.assetsDict = local.assetsDict || {};","        /* jslint-ignore-begin */","        local.assetsDict['/assets.index.template.html'] = '\\","<!doctype html>\\n\\","<html lang=\"en\">\\n\\","<head>\\n\\","<meta charset=\"UTF-8\">\\n\\","<meta name=\"viewport\" content=\"width=device-width, initial-scale=1\">\\n\\","<title>{{env.npm_package_name}} (v{{env.npm_package_version}})</title>\\n\\","<style>\\n\\","/*csslint\\n\\","    box-sizing: false,\\n\\","    universal-selector: false\\n\\","*/\\n\\","* {\\n\\","    box-sizing: border-box;\\n\\","}\\n\\","body {\\n\\","    background: #dde;\\n\\","    font-family: Arial, Helvetica, sans-serif;\\n\\","    margin: 2rem;\\n\\","}\\n\\","body > * {\\n\\","    margin-bottom: 1rem;\\n\\","}\\n\\",".utility2FooterDiv {\\n\\","    margin-top: 20px;\\n\\","    text-align: center;\\n\\","}\\n\\","</style>\\n\\","<style>\\n\\","/*csslint\\n\\","*/\\n\\","textarea {\\n\\","    font-family: monospace;\\n\\","    height: 10rem;\\n\\","    width: 100%;\\n\\","}\\n\\","textarea[readonly] {\\n\\","    background: #ddd;\\n\\","}\\n\\","</style>\\n\\","</head>\\n\\","<body>\\n\\","<!-- utility2-comment\\n\\","<div id=\"ajaxProgressDiv1\" style=\"background: #d00; height: 2px; left: 0; margin: 0; padding: 0; position: fixed; top: 0; transition: background 0.5s, width 1.5s; width: 25%;\"></div>\\n\\","utility2-comment -->\\n\\","<h1>\\n\\","<!-- utility2-comment\\n\\","    <a\\n\\","        {{#if env.npm_package_homepage}}\\n\\","        href=\"{{env.npm_package_homepage}}\"\\n\\","        {{/if env.npm_package_homepage}}\\n\\","        target=\"_blank\"\\n\\","    >\\n\\","utility2-comment -->\\n\\","        {{env.npm_package_name}} (v{{env.npm_package_version}})\\n\\","<!-- utility2-comment\\n\\","    </a>\\n\\","utility2-comment -->\\n\\","</h1>\\n\\","<h3>{{env.npm_package_description}}</h3>\\n\\","<!-- utility2-comment\\n\\","<h4><a download href=\"assets.app.js\">download standalone app</a></h4>\\n\\","<button class=\"onclick onreset\" id=\"testRunButton1\">run internal test</button><br>\\n\\","<div id=\"testReportDiv1\" style=\"display: none;\"></div>\\n\\","utility2-comment -->\\n\\","\\n\\","\\n\\","\\n\\","<label>stderr and stdout</label>\\n\\","<textarea class=\"resettable\" id=\"outputTextareaStdout1\" readonly></textarea>\\n\\","<!-- utility2-comment\\n\\","{{#if isRollup}}\\n\\","<script src=\"assets.app.js\"></script>\\n\\","{{#unless isRollup}}\\n\\","utility2-comment -->\\n\\","<script src=\"assets.utility2.rollup.js\"></script>\\n\\","<script src=\"jsonp.utility2._stateInit?callback=window.utility2._stateInit\"></script>\\n\\","<script src=\"assets.npmtest_json_query.rollup.js\"></script>\\n\\","<script src=\"assets.example.js\"></script>\\n\\","<script src=\"assets.test.js\"></script>\\n\\","<!-- utility2-comment\\n\\","{{/if isRollup}}\\n\\","utility2-comment -->\\n\\","<div class=\"utility2FooterDiv\">\\n\\","    [ this app was created with\\n\\","    <a href=\"https://github.com/kaizhu256/node-utility2\" target=\"_blank\">utility2</a>\\n\\","    ]\\n\\","</div>\\n\\","</body>\\n\\","</html>\\n\\","';","        /* jslint-ignore-end */","        if (local.templateRender) {","            local.assetsDict['/'] = local.templateRender(","                local.assetsDict['/assets.index.template.html'],","                {","                    env: local.objectSetDefault(local.env, {","                        npm_package_description: 'the greatest app in the world!',","                        npm_package_name: 'my-app',","                        npm_package_nameAlias: 'my_app',","                        npm_package_version: '0.0.1'","                    })","                }","            );","        } else {","            local.assetsDict['/'] = local.assetsDict['/assets.index.template.html']","                .replace((/\\{\\{env\\.(\\w+?)\\}\\}/g), function (match0, match1) {","                    // jslint-hack","                    String(match0);","                    switch (match1) {","                    case 'npm_package_description':","                        return 'the greatest app in the world!';","                    case 'npm_package_name':","                        return 'my-app';","                    case 'npm_package_nameAlias':","                        return 'my_app';","                    case 'npm_package_version':","                        return '0.0.1';","                    }","                });","        }","        // run the cli","        if (local.global.utility2_rollup || module !== require.main) {","            break;","        }","        local.assetsDict['/assets.example.js'] =","            local.assetsDict['/assets.example.js'] ||","            local.fs.readFileSync(__filename, 'utf8');","        local.assetsDict['/assets.npmtest_json_query.rollup.js'] =","            local.assetsDict['/assets.npmtest_json_query.rollup.js'] ||","            local.fs.readFileSync(","                // buildCustomOrg-hack","                local.npmtest_json_query.__dirname +","                    '/lib.npmtest_json_query.js',","                'utf8'","            ).replace((/^#!/), '//');","        local.assetsDict['/favicon.ico'] = local.assetsDict['/favicon.ico'] || '';","        // if $npm_config_timeout_exit exists,","        // then exit this process after $npm_config_timeout_exit ms","        if (Number(process.env.npm_config_timeout_exit)) {","            setTimeout(process.exit, Number(process.env.npm_config_timeout_exit));","        }","        // start server","        if (local.global.utility2_serverHttp1) {","            break;","        }","        process.env.PORT = process.env.PORT || '8081';","        console.error('server starting on port ' + process.env.PORT);","        local.http.createServer(function (request, response) {","            request.urlParsed = local.url.parse(request.url);","            if (local.assetsDict[request.urlParsed.pathname] !== undefined) {","                response.end(local.assetsDict[request.urlParsed.pathname]);","                return;","            }","            response.statusCode = 404;","            response.end();","        }).listen(process.env.PORT);","        break;","    }","}());",""],"l":{"26":2,"28":2,"33":2,"35":2,"37":2,"38":2,"39":2,"44":1,"51":2,"55":2,"59":2,"61":2,"69":1,"70":2,"76":2,"79":2,"82":2,"83":2,"85":1,"89":2,"92":1,"93":1,"94":1,"96":1,"97":1,"100":1,"101":1,"103":1,"106":1,"108":2,"114":1,"116":1,"118":1,"123":1,"124":2,"125":2,"126":2,"127":2,"128":2,"129":2,"130":1,"133":2,"134":2,"139":2,"143":1,"144":3,"145":1,"149":1,"150":1,"158":1,"160":1,"161":1,"162":1,"164":1,"166":1,"258":1,"259":1,"271":1,"274":6,"275":6,"277":1,"279":2,"281":1,"283":2,"288":1,"289":1,"291":1,"294":1,"302":1,"305":1,"306":1,"309":1,"310":1,"312":1,"313":1,"314":1,"315":1,"316":1,"317":1,"318":1,"320":1,"321":1,"323":1}},"/home/travis/build/npmtest/node-npmtest-json-query/json-query/index.js":{"path":"/home/travis/build/npmtest/node-npmtest-json-query/json-query/index.js","s":{"1":1,"2":1,"3":1,"4":1,"5":0,"6":0,"7":0,"8":0,"9":0,"10":0,"11":0,"12":1,"13":0,"14":0,"15":0,"16":0,"17":1,"18":0,"19":0,"20":0,"21":0,"22":0,"23":0,"24":0,"25":0,"26":0,"27":0,"28":0,"29":1,"30":0,"31":0,"32":0,"33":0,"34":0,"35":0,"36":0,"37":0,"38":0,"39":0,"40":0,"41":0,"42":0,"43":0,"44":0,"45":0,"46":0,"47":0,"48":0,"49":0,"50":0,"51":0,"52":0,"53":0,"54":0,"55":0,"56":0,"57":0,"58":0,"59":0,"60":0,"61":0,"62":0,"63":0,"64":0,"65":0,"66":0,"67":0,"68":0,"69":0,"70":0,"71":0,"72":0,"73":0,"74":0,"75":0,"76":0,"77":0,"78":0,"79":0,"80":0,"81":0,"82":0,"83":0,"84":0,"85":0,"86":0,"87":0,"88":0,"89":0,"90":0,"91":0,"92":0,"93":0,"94":0,"95":0,"96":0,"97":0,"98":0,"99":0,"100":0,"101":0,"102":0,"103":0,"104":0,"105":0,"106":0,"107":0,"108":0,"109":0,"110":0,"111":0,"112":0,"113":0,"114":0,"115":0,"116":0,"117":0,"118":1,"119":0,"120":0,"121":0,"122":0,"123":0,"124":0,"125":0,"126":0,"127":0,"128":0,"129":0,"130":0,"131":0,"132":0,"133":0,"134":0,"135":0,"136":0,"137":0,"138":0,"139":0,"140":0,"141":0,"142":0,"143":0,"144":0,"145":0,"146":0,"147":0,"148":0,"149":1,"150":0,"151":1,"152":0,"153":1,"154":0,"155":1,"156":0,"157":0,"158":0},"b":{"1":[0,0,0],"2":[0,0],"3":[0,0],"4":[0,0],"5":[0,0],"6":[0,0],"7":[0,0],"8":[0,0],"9":[0,0],"10":[0,0],"11":[0,0],"12":[0,0],"13":[0,0],"14":[0,0],"15":[0,0],"16":[0,0],"17":[0,0],"18":[0,0,0],"19":[0,0],"20":[0,0],"21":[0,0],"22":[0,0],"23":[0,0,0],"24":[0,0],"25":[0,0],"26":[0,0],"27":[0,0],"28":[0,0,0],"29":[0,0],"30":[0,0],"31":[0,0],"32":[0,0],"33":[0,0],"34":[0,0],"35":[0,0],"36":[0,0],"37":[0,0],"38":[0,0],"39":[0,0],"40":[0,0],"41":[0,0],"42":[0,0],"43":[0,0],"44":[0,0],"45":[0,0],"46":[0,0],"47":[0,0],"48":[0,0],"49":[0,0],"50":[0,0],"51":[0,0],"52":[0,0],"53":[0,0],"54":[0,0],"55":[0,0],"56":[0,0,0,0],"57":[0,0],"58":[0,0],"59":[0,0],"60":[0,0],"61":[0,0],"62":[0,0],"63":[0,0],"64":[0,0],"65":[0,0],"66":[0,0,0],"67":[0,0],"68":[0,0],"69":[0,0]},"f":{"1":0,"2":0,"3":0,"4":0,"5":0,"6":0,"7":0,"8":0,"9":0,"10":0,"11":0,"12":0,"13":0,"14":0,"15":0,"16":0},"fnMap":{"1":{"name":"jsonQuery","line":6,"loc":{"start":{"line":6,"column":17},"end":{"line":6,"column":53}}},"2":{"name":"(anonymous_2)","line":23,"loc":{"start":{"line":23,"column":28},"end":{"line":23,"column":45}}},"3":{"name":"handleQuery","line":33,"loc":{"start":{"line":33,"column":0},"end":{"line":33,"column":47}}},"4":{"name":"handleToken","line":63,"loc":{"start":{"line":63,"column":0},"end":{"line":63,"column":36}}},"5":{"name":"(anonymous_5)","line":75,"loc":{"start":{"line":75,"column":19},"end":{"line":75,"column":34}}},"6":{"name":"(anonymous_6)","line":77,"loc":{"start":{"line":77,"column":41},"end":{"line":77,"column":57}}},"7":{"name":"(anonymous_7)","line":95,"loc":{"start":{"line":95,"column":45},"end":{"line":95,"column":61}}},"8":{"name":"(anonymous_8)","line":111,"loc":{"start":{"line":111,"column":63},"end":{"line":111,"column":79}}},"9":{"name":"(anonymous_9)","line":115,"loc":{"start":{"line":115,"column":18},"end":{"line":115,"column":34}}},"10":{"name":"(anonymous_10)","line":140,"loc":{"start":{"line":140,"column":34},"end":{"line":140,"column":53}}},"11":{"name":"(anonymous_11)","line":148,"loc":{"start":{"line":148,"column":36},"end":{"line":148,"column":55}}},"12":{"name":"matches","line":214,"loc":{"start":{"line":214,"column":0},"end":{"line":214,"column":31}}},"13":{"name":"isDefined","line":258,"loc":{"start":{"line":258,"column":0},"end":{"line":258,"column":26}}},"14":{"name":"shouldOverride","line":262,"loc":{"start":{"line":262,"column":0},"end":{"line":262,"column":37}}},"15":{"name":"isDeepAccessor","line":266,"loc":{"start":{"line":266,"column":0},"end":{"line":266,"column":43}}},"16":{"name":"getLastParentObject","line":270,"loc":{"start":{"line":270,"column":0},"end":{"line":270,"column":39}}}},"statementMap":{"1":{"start":{"line":1,"column":0},"end":{"line":1,"column":34}},"2":{"start":{"line":2,"column":0},"end":{"line":2,"column":40}},"3":{"start":{"line":4,"column":0},"end":{"line":4,"column":23}},"4":{"start":{"line":6,"column":0},"end":{"line":20,"column":1}},"5":{"start":{"line":9,"column":2},"end":{"line":9,"column":48}},"6":{"start":{"line":10,"column":2},"end":{"line":13,"column":3}},"7":{"start":{"line":11,"column":4},"end":{"line":11,"column":27}},"8":{"start":{"line":12,"column":4},"end":{"line":12,"column":20}},"9":{"start":{"line":15,"column":2},"end":{"line":17,"column":3}},"10":{"start":{"line":16,"column":4},"end":{"line":16,"column":49}},"11":{"start":{"line":19,"column":2},"end":{"line":19,"column":60}},"12":{"start":{"line":23,"column":0},"end":{"line":30,"column":1}},"13":{"start":{"line":24,"column":2},"end":{"line":24,"column":52}},"14":{"start":{"line":25,"column":2},"end":{"line":29,"column":3}},"15":{"start":{"line":26,"column":4},"end":{"line":26,"column":21}},"16":{"start":{"line":28,"column":4},"end":{"line":28,"column":15}},"17":{"start":{"line":33,"column":0},"end":{"line":61,"column":1}},"18":{"start":{"line":34,"column":2},"end":{"line":34,"column":53}},"19":{"start":{"line":36,"column":2},"end":{"line":40,"column":3}},"20":{"start":{"line":37,"column":4},"end":{"line":39,"column":5}},"21":{"start":{"line":38,"column":6},"end":{"line":38,"column":11}},"22":{"start":{"line":43,"column":2},"end":{"line":43,"column":26}},"23":{"start":{"line":46,"column":2},"end":{"line":53,"column":3}},"24":{"start":{"line":47,"column":4},"end":{"line":47,"column":41}},"25":{"start":{"line":49,"column":4},"end":{"line":49,"column":64}},"26":{"start":{"line":50,"column":4},"end":{"line":52,"column":5}},"27":{"start":{"line":51,"column":6},"end":{"line":51,"column":38}},"28":{"start":{"line":55,"column":2},"end":{"line":60,"column":3}},"29":{"start":{"line":63,"column":0},"end":{"line":212,"column":1}},"30":{"start":{"line":66,"column":2},"end":{"line":211,"column":3}},"31":{"start":{"line":68,"column":4},"end":{"line":70,"column":5}},"32":{"start":{"line":69,"column":6},"end":{"line":69,"column":38}},"33":{"start":{"line":71,"column":9},"end":{"line":211,"column":3}},"34":{"start":{"line":72,"column":4},"end":{"line":87,"column":5}},"35":{"start":{"line":73,"column":6},"end":{"line":73,"column":47}},"36":{"start":{"line":74,"column":6},"end":{"line":74,"column":21}},"37":{"start":{"line":75,"column":6},"end":{"line":83,"column":8}},"38":{"start":{"line":76,"column":8},"end":{"line":82,"column":9}},"39":{"start":{"line":77,"column":10},"end":{"line":79,"column":12}},"40":{"start":{"line":78,"column":12},"end":{"line":78,"column":29}},"41":{"start":{"line":81,"column":10},"end":{"line":81,"column":45}},"42":{"start":{"line":84,"column":6},"end":{"line":84,"column":36}},"43":{"start":{"line":86,"column":6},"end":{"line":86,"column":32}},"44":{"start":{"line":88,"column":9},"end":{"line":211,"column":3}},"45":{"start":{"line":89,"column":4},"end":{"line":89,"column":39}},"46":{"start":{"line":90,"column":4},"end":{"line":108,"column":5}},"47":{"start":{"line":91,"column":6},"end":{"line":91,"column":48}},"48":{"start":{"line":93,"column":6},"end":{"line":107,"column":7}},"49":{"start":{"line":94,"column":8},"end":{"line":104,"column":9}},"50":{"start":{"line":95,"column":10},"end":{"line":97,"column":30}},"51":{"start":{"line":96,"column":12},"end":{"line":96,"column":28}},"52":{"start":{"line":99,"column":10},"end":{"line":99,"column":59}},"53":{"start":{"line":101,"column":10},"end":{"line":101,"column":39}},"54":{"start":{"line":103,"column":10},"end":{"line":103,"column":55}},"55":{"start":{"line":106,"column":8},"end":{"line":106,"column":35}},"56":{"start":{"line":109,"column":9},"end":{"line":211,"column":3}},"57":{"start":{"line":110,"column":4},"end":{"line":159,"column":5}},"58":{"start":{"line":111,"column":6},"end":{"line":135,"column":8}},"59":{"start":{"line":112,"column":8},"end":{"line":134,"column":9}},"60":{"start":{"line":113,"column":10},"end":{"line":113,"column":50}},"61":{"start":{"line":114,"column":10},"end":{"line":123,"column":11}},"62":{"start":{"line":116,"column":14},"end":{"line":118,"column":15}},"63":{"start":{"line":117,"column":16},"end":{"line":117,"column":32}},"64":{"start":{"line":119,"column":14},"end":{"line":119,"column":61}},"65":{"start":{"line":125,"column":10},"end":{"line":125,"column":53}},"66":{"start":{"line":126,"column":10},"end":{"line":126,"column":148}},"67":{"start":{"line":126,"column":94},"end":{"line":126,"column":148}},"68":{"start":{"line":127,"column":10},"end":{"line":133,"column":11}},"69":{"start":{"line":137,"column":6},"end":{"line":156,"column":7}},"70":{"start":{"line":138,"column":8},"end":{"line":138,"column":21}},"71":{"start":{"line":139,"column":8},"end":{"line":139,"column":22}},"72":{"start":{"line":140,"column":8},"end":{"line":145,"column":10}},"73":{"start":{"line":141,"column":10},"end":{"line":144,"column":11}},"74":{"start":{"line":142,"column":12},"end":{"line":142,"column":24}},"75":{"start":{"line":143,"column":12},"end":{"line":143,"column":28}},"76":{"start":{"line":146,"column":8},"end":{"line":146,"column":37}},"77":{"start":{"line":148,"column":8},"end":{"line":155,"column":9}},"78":{"start":{"line":149,"column":10},"end":{"line":152,"column":11}},"79":{"start":{"line":150,"column":12},"end":{"line":150,"column":37}},"80":{"start":{"line":151,"column":12},"end":{"line":151,"column":23}},"81":{"start":{"line":154,"column":10},"end":{"line":154,"column":38}},"82":{"start":{"line":158,"column":6},"end":{"line":158,"column":34}},"83":{"start":{"line":160,"column":9},"end":{"line":211,"column":3}},"84":{"start":{"line":161,"column":4},"end":{"line":161,"column":24}},"85":{"start":{"line":162,"column":4},"end":{"line":166,"column":5}},"86":{"start":{"line":163,"column":6},"end":{"line":163,"column":59}},"87":{"start":{"line":165,"column":6},"end":{"line":165,"column":47}},"88":{"start":{"line":167,"column":9},"end":{"line":211,"column":3}},"89":{"start":{"line":168,"column":4},"end":{"line":168,"column":24}},"90":{"start":{"line":169,"column":4},"end":{"line":169,"column":48}},"91":{"start":{"line":170,"column":9},"end":{"line":211,"column":3}},"92":{"start":{"line":171,"column":4},"end":{"line":176,"column":5}},"93":{"start":{"line":172,"column":6},"end":{"line":172,"column":17}},"94":{"start":{"line":174,"column":6},"end":{"line":174,"column":26}},"95":{"start":{"line":175,"column":6},"end":{"line":175,"column":43}},"96":{"start":{"line":177,"column":9},"end":{"line":211,"column":3}},"97":{"start":{"line":178,"column":4},"end":{"line":178,"column":78}},"98":{"start":{"line":179,"column":4},"end":{"line":192,"column":5}},"99":{"start":{"line":181,"column":6},"end":{"line":181,"column":52}},"100":{"start":{"line":182,"column":6},"end":{"line":182,"column":82}},"101":{"start":{"line":183,"column":6},"end":{"line":183,"column":36}},"102":{"start":{"line":186,"column":6},"end":{"line":186,"column":48}},"103":{"start":{"line":187,"column":6},"end":{"line":191,"column":7}},"104":{"start":{"line":188,"column":8},"end":{"line":188,"column":54}},"105":{"start":{"line":189,"column":8},"end":{"line":189,"column":121}},"106":{"start":{"line":190,"column":8},"end":{"line":190,"column":38}},"107":{"start":{"line":193,"column":9},"end":{"line":211,"column":3}},"108":{"start":{"line":194,"column":4},"end":{"line":210,"column":5}},"109":{"start":{"line":195,"column":6},"end":{"line":197,"column":7}},"110":{"start":{"line":196,"column":8},"end":{"line":196,"column":14}},"111":{"start":{"line":199,"column":6},"end":{"line":199,"column":80}},"112":{"start":{"line":200,"column":6},"end":{"line":207,"column":7}},"113":{"start":{"line":201,"column":8},"end":{"line":201,"column":50}},"114":{"start":{"line":202,"column":8},"end":{"line":204,"column":9}},"115":{"start":{"line":203,"column":10},"end":{"line":203,"column":54}},"116":{"start":{"line":206,"column":8},"end":{"line":206,"column":36}},"117":{"start":{"line":209,"column":6},"end":{"line":209,"column":30}},"118":{"start":{"line":214,"column":0},"end":{"line":256,"column":1}},"119":{"start":{"line":215,"column":2},"end":{"line":215,"column":20}},"120":{"start":{"line":216,"column":2},"end":{"line":253,"column":3}},"121":{"start":{"line":217,"column":4},"end":{"line":217,"column":23}},"122":{"start":{"line":218,"column":4},"end":{"line":218,"column":17}},"123":{"start":{"line":219,"column":4},"end":{"line":241,"column":5}},"124":{"start":{"line":220,"column":6},"end":{"line":220,"column":25}},"125":{"start":{"line":221,"column":11},"end":{"line":241,"column":5}},"126":{"start":{"line":222,"column":6},"end":{"line":226,"column":7}},"127":{"start":{"line":223,"column":8},"end":{"line":223,"column":64}},"128":{"start":{"line":225,"column":8},"end":{"line":225,"column":67}},"129":{"start":{"line":227,"column":11},"end":{"line":241,"column":5}},"130":{"start":{"line":228,"column":6},"end":{"line":232,"column":7}},"131":{"start":{"line":229,"column":8},"end":{"line":229,"column":16}},"132":{"start":{"line":231,"column":8},"end":{"line":231,"column":40}},"133":{"start":{"line":233,"column":11},"end":{"line":241,"column":5}},"134":{"start":{"line":234,"column":6},"end":{"line":234,"column":37}},"135":{"start":{"line":235,"column":11},"end":{"line":241,"column":5}},"136":{"start":{"line":236,"column":6},"end":{"line":236,"column":37}},"137":{"start":{"line":237,"column":11},"end":{"line":241,"column":5}},"138":{"start":{"line":238,"column":6},"end":{"line":238,"column":38}},"139":{"start":{"line":239,"column":11},"end":{"line":241,"column":5}},"140":{"start":{"line":240,"column":6},"end":{"line":240,"column":38}},"141":{"start":{"line":243,"column":4},"end":{"line":245,"column":5}},"142":{"start":{"line":244,"column":6},"end":{"line":244,"column":12}},"143":{"start":{"line":246,"column":4},"end":{"line":252,"column":5}},"144":{"start":{"line":247,"column":6},"end":{"line":247,"column":26}},"145":{"start":{"line":248,"column":11},"end":{"line":252,"column":5}},"146":{"start":{"line":249,"column":6},"end":{"line":249,"column":26}},"147":{"start":{"line":251,"column":6},"end":{"line":251,"column":16}},"148":{"start":{"line":255,"column":2},"end":{"line":255,"column":15}},"149":{"start":{"line":258,"column":0},"end":{"line":260,"column":1}},"150":{"start":{"line":259,"column":2},"end":{"line":259,"column":37}},"151":{"start":{"line":262,"column":0},"end":{"line":264,"column":1}},"152":{"start":{"line":263,"column":2},"end":{"line":263,"column":103}},"153":{"start":{"line":266,"column":0},"end":{"line":268,"column":1}},"154":{"start":{"line":267,"column":2},"end":{"line":267,"column":61}},"155":{"start":{"line":270,"column":0},"end":{"line":276,"column":1}},"156":{"start":{"line":271,"column":2},"end":{"line":275,"column":3}},"157":{"start":{"line":272,"column":4},"end":{"line":274,"column":5}},"158":{"start":{"line":273,"column":6},"end":{"line":273,"column":29}}},"branchMap":{"1":{"line":9,"type":"binary-expr","locations":[{"start":{"line":9,"column":15},"end":{"line":9,"column":22}},{"start":{"line":9,"column":26},"end":{"line":9,"column":40}},{"start":{"line":9,"column":44},"end":{"line":9,"column":48}}]},"2":{"line":10,"type":"if","locations":[{"start":{"line":10,"column":2},"end":{"line":10,"column":2}},{"start":{"line":10,"column":2},"end":{"line":10,"column":2}}]},"3":{"line":15,"type":"if","locations":[{"start":{"line":15,"column":2},"end":{"line":15,"column":2}},{"start":{"line":15,"column":2},"end":{"line":15,"column":2}}]},"4":{"line":25,"type":"if","locations":[{"start":{"line":25,"column":2},"end":{"line":25,"column":2}},{"start":{"line":25,"column":2},"end":{"line":25,"column":2}}]},"5":{"line":37,"type":"if","locations":[{"start":{"line":37,"column":4},"end":{"line":37,"column":4}},{"start":{"line":37,"column":4},"end":{"line":37,"column":4}}]},"6":{"line":46,"type":"if","locations":[{"start":{"line":46,"column":2},"end":{"line":46,"column":2}},{"start":{"line":46,"column":2},"end":{"line":46,"column":2}}]},"7":{"line":50,"type":"if","locations":[{"start":{"line":50,"column":4},"end":{"line":50,"column":4}},{"start":{"line":50,"column":4},"end":{"line":50,"column":4}}]},"8":{"line":66,"type":"if","locations":[{"start":{"line":66,"column":2},"end":{"line":66,"column":2}},{"start":{"line":66,"column":2},"end":{"line":66,"column":2}}]},"9":{"line":68,"type":"if","locations":[{"start":{"line":68,"column":4},"end":{"line":68,"column":4}},{"start":{"line":68,"column":4},"end":{"line":68,"column":4}}]},"10":{"line":68,"type":"binary-expr","locations":[{"start":{"line":68,"column":8},"end":{"line":68,"column":26}},{"start":{"line":68,"column":30},"end":{"line":68,"column":49}}]},"11":{"line":71,"type":"if","locations":[{"start":{"line":71,"column":9},"end":{"line":71,"column":9}},{"start":{"line":71,"column":9},"end":{"line":71,"column":9}}]},"12":{"line":72,"type":"if","locations":[{"start":{"line":72,"column":4},"end":{"line":72,"column":4}},{"start":{"line":72,"column":4},"end":{"line":72,"column":4}}]},"13":{"line":76,"type":"if","locations":[{"start":{"line":76,"column":8},"end":{"line":76,"column":8}},{"start":{"line":76,"column":8},"end":{"line":76,"column":8}}]},"14":{"line":76,"type":"binary-expr","locations":[{"start":{"line":76,"column":12},"end":{"line":76,"column":22}},{"start":{"line":76,"column":26},"end":{"line":76,"column":63}}]},"15":{"line":88,"type":"if","locations":[{"start":{"line":88,"column":9},"end":{"line":88,"column":9}},{"start":{"line":88,"column":9},"end":{"line":88,"column":9}}]},"16":{"line":90,"type":"if","locations":[{"start":{"line":90,"column":4},"end":{"line":90,"column":4}},{"start":{"line":90,"column":4},"end":{"line":90,"column":4}}]},"17":{"line":93,"type":"if","locations":[{"start":{"line":93,"column":6},"end":{"line":93,"column":6}},{"start":{"line":93,"column":6},"end":{"line":93,"column":6}}]},"18":{"line":93,"type":"binary-expr","locations":[{"start":{"line":93,"column":10},"end":{"line":93,"column":27}},{"start":{"line":93,"column":32},"end":{"line":93,"column":51}},{"start":{"line":93,"column":55},"end":{"line":93,"column":70}}]},"19":{"line":94,"type":"if","locations":[{"start":{"line":94,"column":8},"end":{"line":94,"column":8}},{"start":{"line":94,"column":8},"end":{"line":94,"column":8}}]},"20":{"line":94,"type":"binary-expr","locations":[{"start":{"line":94,"column":12},"end":{"line":94,"column":50}},{"start":{"line":94,"column":54},"end":{"line":94,"column":68}}]},"21":{"line":109,"type":"if","locations":[{"start":{"line":109,"column":9},"end":{"line":109,"column":9}},{"start":{"line":109,"column":9},"end":{"line":109,"column":9}}]},"22":{"line":110,"type":"if","locations":[{"start":{"line":110,"column":4},"end":{"line":110,"column":4}},{"start":{"line":110,"column":4},"end":{"line":110,"column":4}}]},"23":{"line":110,"type":"binary-expr","locations":[{"start":{"line":110,"column":8},"end":{"line":110,"column":40}},{"start":{"line":110,"column":45},"end":{"line":110,"column":64}},{"start":{"line":110,"column":68},"end":{"line":110,"column":83}}]},"24":{"line":111,"type":"cond-expr","locations":[{"start":{"line":111,"column":35},"end":{"line":111,"column":47}},{"start":{"line":111,"column":50},"end":{"line":111,"column":57}}]},"25":{"line":112,"type":"if","locations":[{"start":{"line":112,"column":8},"end":{"line":112,"column":8}},{"start":{"line":112,"column":8},"end":{"line":112,"column":8}}]},"26":{"line":116,"type":"if","locations":[{"start":{"line":116,"column":14},"end":{"line":116,"column":14}},{"start":{"line":116,"column":14},"end":{"line":116,"column":14}}]},"27":{"line":126,"type":"if","locations":[{"start":{"line":126,"column":10},"end":{"line":126,"column":10}},{"start":{"line":126,"column":10},"end":{"line":126,"column":10}}]},"28":{"line":126,"type":"binary-expr","locations":[{"start":{"line":126,"column":14},"end":{"line":126,"column":40}},{"start":{"line":126,"column":44},"end":{"line":126,"column":59}},{"start":{"line":126,"column":63},"end":{"line":126,"column":92}}]},"29":{"line":137,"type":"if","locations":[{"start":{"line":137,"column":6},"end":{"line":137,"column":6}},{"start":{"line":137,"column":6},"end":{"line":137,"column":6}}]},"30":{"line":141,"type":"if","locations":[{"start":{"line":141,"column":10},"end":{"line":141,"column":10}},{"start":{"line":141,"column":10},"end":{"line":141,"column":10}}]},"31":{"line":148,"type":"if","locations":[{"start":{"line":148,"column":8},"end":{"line":148,"column":8}},{"start":{"line":148,"column":8},"end":{"line":148,"column":8}}]},"32":{"line":149,"type":"if","locations":[{"start":{"line":149,"column":10},"end":{"line":149,"column":10}},{"start":{"line":149,"column":10},"end":{"line":149,"column":10}}]},"33":{"line":160,"type":"if","locations":[{"start":{"line":160,"column":9},"end":{"line":160,"column":9}},{"start":{"line":160,"column":9},"end":{"line":160,"column":9}}]},"34":{"line":162,"type":"if","locations":[{"start":{"line":162,"column":4},"end":{"line":162,"column":4}},{"start":{"line":162,"column":4},"end":{"line":162,"column":4}}]},"35":{"line":162,"type":"binary-expr","locations":[{"start":{"line":162,"column":8},"end":{"line":162,"column":18}},{"start":{"line":162,"column":22},"end":{"line":162,"column":39}}]},"36":{"line":167,"type":"if","locations":[{"start":{"line":167,"column":9},"end":{"line":167,"column":9}},{"start":{"line":167,"column":9},"end":{"line":167,"column":9}}]},"37":{"line":170,"type":"if","locations":[{"start":{"line":170,"column":9},"end":{"line":170,"column":9}},{"start":{"line":170,"column":9},"end":{"line":170,"column":9}}]},"38":{"line":171,"type":"if","locations":[{"start":{"line":171,"column":4},"end":{"line":171,"column":4}},{"start":{"line":171,"column":4},"end":{"line":171,"column":4}}]},"39":{"line":177,"type":"if","locations":[{"start":{"line":177,"column":9},"end":{"line":177,"column":9}},{"start":{"line":177,"column":9},"end":{"line":177,"column":9}}]},"40":{"line":178,"type":"binary-expr","locations":[{"start":{"line":178,"column":17},"end":{"line":178,"column":45}},{"start":{"line":178,"column":49},"end":{"line":178,"column":78}}]},"41":{"line":179,"type":"if","locations":[{"start":{"line":179,"column":4},"end":{"line":179,"column":4}},{"start":{"line":179,"column":4},"end":{"line":179,"column":4}}]},"42":{"line":181,"type":"binary-expr","locations":[{"start":{"line":181,"column":35},"end":{"line":181,"column":45}},{"start":{"line":181,"column":49},"end":{"line":181,"column":51}}]},"43":{"line":187,"type":"if","locations":[{"start":{"line":187,"column":6},"end":{"line":187,"column":6}},{"start":{"line":187,"column":6},"end":{"line":187,"column":6}}]},"44":{"line":188,"type":"binary-expr","locations":[{"start":{"line":188,"column":37},"end":{"line":188,"column":47}},{"start":{"line":188,"column":51},"end":{"line":188,"column":53}}]},"45":{"line":193,"type":"if","locations":[{"start":{"line":193,"column":9},"end":{"line":193,"column":9}},{"start":{"line":193,"column":9},"end":{"line":193,"column":9}}]},"46":{"line":194,"type":"if","locations":[{"start":{"line":194,"column":4},"end":{"line":194,"column":4}},{"start":{"line":194,"column":4},"end":{"line":194,"column":4}}]},"47":{"line":195,"type":"if","locations":[{"start":{"line":195,"column":6},"end":{"line":195,"column":6}},{"start":{"line":195,"column":6},"end":{"line":195,"column":6}}]},"48":{"line":200,"type":"if","locations":[{"start":{"line":200,"column":6},"end":{"line":200,"column":6}},{"start":{"line":200,"column":6},"end":{"line":200,"column":6}}]},"49":{"line":219,"type":"if","locations":[{"start":{"line":219,"column":4},"end":{"line":219,"column":4}},{"start":{"line":219,"column":4},"end":{"line":219,"column":4}}]},"50":{"line":221,"type":"if","locations":[{"start":{"line":221,"column":11},"end":{"line":221,"column":11}},{"start":{"line":221,"column":11},"end":{"line":221,"column":11}}]},"51":{"line":222,"type":"if","locations":[{"start":{"line":222,"column":6},"end":{"line":222,"column":6}},{"start":{"line":222,"column":6},"end":{"line":222,"column":6}}]},"52":{"line":223,"type":"binary-expr","locations":[{"start":{"line":223,"column":12},"end":{"line":223,"column":26}},{"start":{"line":223,"column":30},"end":{"line":223,"column":64}}]},"53":{"line":225,"type":"binary-expr","locations":[{"start":{"line":225,"column":12},"end":{"line":225,"column":26}},{"start":{"line":225,"column":30},"end":{"line":225,"column":67}}]},"54":{"line":227,"type":"if","locations":[{"start":{"line":227,"column":11},"end":{"line":227,"column":11}},{"start":{"line":227,"column":11},"end":{"line":227,"column":11}}]},"55":{"line":228,"type":"if","locations":[{"start":{"line":228,"column":6},"end":{"line":228,"column":6}},{"start":{"line":228,"column":6},"end":{"line":228,"column":6}}]},"56":{"line":228,"type":"binary-expr","locations":[{"start":{"line":228,"column":11},"end":{"line":228,"column":34}},{"start":{"line":228,"column":38},"end":{"line":228,"column":59}},{"start":{"line":228,"column":65},"end":{"line":228,"column":89}},{"start":{"line":228,"column":93},"end":{"line":228,"column":115}}]},"57":{"line":233,"type":"if","locations":[{"start":{"line":233,"column":11},"end":{"line":233,"column":11}},{"start":{"line":233,"column":11},"end":{"line":233,"column":11}}]},"58":{"line":235,"type":"if","locations":[{"start":{"line":235,"column":11},"end":{"line":235,"column":11}},{"start":{"line":235,"column":11},"end":{"line":235,"column":11}}]},"59":{"line":237,"type":"if","locations":[{"start":{"line":237,"column":11},"end":{"line":237,"column":11}},{"start":{"line":237,"column":11},"end":{"line":237,"column":11}}]},"60":{"line":239,"type":"if","locations":[{"start":{"line":239,"column":11},"end":{"line":239,"column":11}},{"start":{"line":239,"column":11},"end":{"line":239,"column":11}}]},"61":{"line":243,"type":"if","locations":[{"start":{"line":243,"column":4},"end":{"line":243,"column":4}},{"start":{"line":243,"column":4},"end":{"line":243,"column":4}}]},"62":{"line":246,"type":"if","locations":[{"start":{"line":246,"column":4},"end":{"line":246,"column":4}},{"start":{"line":246,"column":4},"end":{"line":246,"column":4}}]},"63":{"line":247,"type":"binary-expr","locations":[{"start":{"line":247,"column":15},"end":{"line":247,"column":21}},{"start":{"line":247,"column":25},"end":{"line":247,"column":26}}]},"64":{"line":248,"type":"if","locations":[{"start":{"line":248,"column":11},"end":{"line":248,"column":11}},{"start":{"line":248,"column":11},"end":{"line":248,"column":11}}]},"65":{"line":249,"type":"binary-expr","locations":[{"start":{"line":249,"column":15},"end":{"line":249,"column":21}},{"start":{"line":249,"column":25},"end":{"line":249,"column":26}}]},"66":{"line":263,"type":"binary-expr","locations":[{"start":{"line":263,"column":9},"end":{"line":263,"column":23}},{"start":{"line":263,"column":27},"end":{"line":263,"column":66}},{"start":{"line":263,"column":70},"end":{"line":263,"column":103}}]},"67":{"line":267,"type":"binary-expr","locations":[{"start":{"line":267,"column":9},"end":{"line":267,"column":37}},{"start":{"line":267,"column":41},"end":{"line":267,"column":61}}]},"68":{"line":272,"type":"if","locations":[{"start":{"line":272,"column":4},"end":{"line":272,"column":4}},{"start":{"line":272,"column":4},"end":{"line":272,"column":4}}]},"69":{"line":272,"type":"binary-expr","locations":[{"start":{"line":272,"column":8},"end":{"line":272,"column":25}},{"start":{"line":272,"column":29},"end":{"line":272,"column":70}}]}},"code":["var State = require('./lib/state')","var tokenize = require('./lib/tokenize')","","var tokenizedCache = {}","","module.exports = function jsonQuery (query, options) {","","  // extract params for ['test[param=?]', 'value'] type queries","  var params = options && options.params || null","  if (Array.isArray(query)) {","    params = query.slice(1)","    query = query[0]","  }","","  if (!tokenizedCache[query]) {","    tokenizedCache[query] = tokenize(query, true)","  }","","  return handleQuery(tokenizedCache[query], options, params)","}","","","module.exports.lastParent = function (query) {","  var last = query.parents[query.parents.length - 1]","  if (last) {","    return last.value","  } else {","    return null","  }","}","","","function handleQuery (tokens, options, params) {","  var state = new State(options, params, handleQuery)","","  for (var i = 0; i < tokens.length; i++) {","    if (handleToken(tokens[i], state)) {","      break","    }","  }","","  // flush","  handleToken(null, state)","","  // set databind hooks","  if (state.currentItem instanceof Object) {","    state.addReference(state.currentItem)","  } else {","    var parentObject = getLastParentObject(state.currentParents)","    if (parentObject) {","      state.addReference(parentObject)","    }","  }","","  return {","    value: state.currentItem,","    key: state.currentKey,","    references: state.currentReferences,","    parents: state.currentParents","  }","}","","function handleToken (token, state) {","  // state: setCurrent, getValue, getValues, resetCurrent, deepQuery, rootContext, currentItem, currentKey, options, filters","","  if (token == null) {","    // process end of query","    if (!state.currentItem && state.options.force) {","      state.force(state.options.force)","    }","  } else if (token.values) {","    if (state.currentItem) {","      var keys = Object.keys(state.currentItem)","      var values = []","      keys.forEach(function (key) {","        if (token.deep && Array.isArray(state.currentItem[key])) {","          state.currentItem[key].forEach(function (item) {","            values.push(item)","          })","        } else {","          values.push(state.currentItem[key])","        }","      })","      state.setCurrent(keys, values)","    } else {","      state.setCurrent(keys, [])","    }","  } else if (token.get) {","    var key = state.getValue(token.get)","    if (shouldOverride(state, key)) {","      state.setCurrent(key, state.override[key])","    } else {","      if (state.currentItem || (state.options.force && state.force({}))) {","        if (isDeepAccessor(state.currentItem, key) || token.multiple) {","          var values = state.currentItem.map(function (item) {","            return item[key]","          }).filter(isDefined)","","          values = Array.prototype.concat.apply([], values) // flatten","","          state.setCurrent(key, values)","        } else {","          state.setCurrent(key, state.currentItem[key])","        }","      } else {","        state.setCurrent(key, null)","      }","    }","  } else if (token.select) {","    if (Array.isArray(state.currentItem) || (state.options.force && state.force([]))) {","      var match = (token.boolean ? token.select : [token]).map(function (part) {","        if (part.op === ':') {","
[...]
6,"column":69}}]},"5":{"line":47,"type":"if","locations":[{"start":{"line":47,"column":6},"end":{"line":47,"column":6}},{"start":{"line":47,"column":6},"end":{"line":47,"column":6}}]},"6":{"line":52,"type":"if","locations":[{"start":{"line":52,"column":6},"end":{"line":52,"column":6}},{"start":{"line":52,"column":6},"end":{"line":52,"column":6}}]},"7":{"line":62,"type":"if","locations":[{"start":{"line":62,"column":6},"end":{"line":62,"column":6}},{"start":{"line":62,"column":6},"end":{"line":62,"column":6}}]},"8":{"line":79,"type":"if","locations":[{"start":{"line":79,"column":4},"end":{"line":79,"column":4}},{"start":{"line":79,"column":4},"end":{"line":79,"column":4}}]},"9":{"line":93,"type":"if","locations":[{"start":{"line":93,"column":4},"end":{"line":93,"column":4}},{"start":{"line":93,"column":4},"end":{"line":93,"column":4}}]},"10":{"line":93,"type":"binary-expr","locations":[{"start":{"line":93,"column":8},"end":{"line":93,"column":17}},{"start":{"line":93,"column":22},"end":{"line":93,"column":34}},{"start":{"line":93,"column":38},"end":{"line":93,"column":50}}]},"11":{"line":98,"type":"if","locations":[{"start":{"line":98,"column":4},"end":{"line":98,"column":4}},{"start":{"line":98,"column":4},"end":{"line":98,"column":4}}]},"12":{"line":98,"type":"binary-expr","locations":[{"start":{"line":98,"column":8},"end":{"line":98,"column":17}},{"start":{"line":98,"column":22},"end":{"line":98,"column":34}},{"start":{"line":98,"column":38},"end":{"line":98,"column":54}}]},"13":{"line":103,"type":"if","locations":[{"start":{"line":103,"column":4},"end":{"line":103,"column":4}},{"start":{"line":103,"column":4},"end":{"line":103,"column":4}}]},"14":{"line":106,"type":"if","locations":[{"start":{"line":106,"column":6},"end":{"line":106,"column":6}},{"start":{"line":106,"column":6},"end":{"line":106,"column":6}}]},"15":{"line":106,"type":"binary-expr","locations":[{"start":{"line":106,"column":10},"end":{"line":106,"column":21}},{"start":{"line":106,"column":26},"end":{"line":106,"column":36}},{"start":{"line":106,"column":40},"end":{"line":106,"column":50}}]},"16":{"line":108,"type":"binary-expr","locations":[{"start":{"line":108,"column":15},"end":{"line":108,"column":25}},{"start":{"line":108,"column":29},"end":{"line":108,"column":39}}]},"17":{"line":111,"type":"if","locations":[{"start":{"line":111,"column":6},"end":{"line":111,"column":6}},{"start":{"line":111,"column":6},"end":{"line":111,"column":6}}]},"18":{"line":111,"type":"binary-expr","locations":[{"start":{"line":111,"column":10},"end":{"line":111,"column":21}},{"start":{"line":111,"column":25},"end":{"line":111,"column":37}}]},"19":{"line":116,"type":"if","locations":[{"start":{"line":116,"column":6},"end":{"line":116,"column":6}},{"start":{"line":116,"column":6},"end":{"line":116,"column":6}}]},"20":{"line":118,"type":"if","locations":[{"start":{"line":118,"column":13},"end":{"line":118,"column":13}},{"start":{"line":118,"column":13},"end":{"line":118,"column":13}}]},"21":{"line":123,"type":"if","locations":[{"start":{"line":123,"column":6},"end":{"line":123,"column":6}},{"start":{"line":123,"column":6},"end":{"line":123,"column":6}}]},"22":{"line":123,"type":"binary-expr","locations":[{"start":{"line":123,"column":10},"end":{"line":123,"column":21}},{"start":{"line":123,"column":25},"end":{"line":123,"column":36}}]},"23":{"line":138,"type":"if","locations":[{"start":{"line":138,"column":2},"end":{"line":138,"column":2}},{"start":{"line":138,"column":2},"end":{"line":138,"column":2}}]},"24":{"line":145,"type":"if","locations":[{"start":{"line":145,"column":2},"end":{"line":145,"column":2}},{"start":{"line":145,"column":2},"end":{"line":145,"column":2}}]},"25":{"line":149,"type":"if","locations":[{"start":{"line":149,"column":9},"end":{"line":149,"column":9}},{"start":{"line":149,"column":9},"end":{"line":149,"column":9}}]},"26":{"line":157,"type":"if","locations":[{"start":{"line":157,"column":2},"end":{"line":157,"column":2}},{"start":{"line":157,"column":2},"end":{"line":157,"column":2}}]},"27":{"line":163,"type":"if","locations":[{"start":{"line":163,"column":2},"end":{"line":163,"column":2}},{"start":{"line":163,"column":2},"end":{"line":163,"column":2}}]},"28":{"line":169,"type":"if","locations":[{"start":{"line":169,"column":6},"end":{"line":169,"column":6}},{"start":{"line":169,"column":6},"end":{"line":169,"column":6}}]},"29":{"line":181,"type":"if","locations":[{"start":{"line":181,"column":4},"end":{"line":181,"column":4}},{"start":{"line":181,"column":4},"end":{"line":181,"column":4}}]},"30":{"line":186,"type":"if","locations":[{"start":{"line":186,"column":6},"end":{"line":186,"column":6}},{"start":{"line":186,"column":6},"end":{"line":186,"column":6}}]},"31":{"line":196,"type":"if","locations":[{"start":{"line":196,"column":2},"end":{"line":196,"column":2}},{"start":{"line":196,"column":2},"end":{"line":196,"column":2}}]},"32":{"line":201,"type":"cond-expr","locations":[{"start":{"line":201,"column":19},"end":{"line":201,"column":36}},{"start":{"line":201,"column":39},"end":{"line":201,"column":47}}]},"33":{"line":203,"type":"if","locations":[{"start":{"line":203,"column":4},"end":{"line":203,"column":4}},{"start":{"line":203,"column":4},"end":{"line":203,"column":4}}]},"34":{"line":205,"type":"if","locations":[{"start":{"line":205,"column":11},"end":{"line":205,"column":11}},{"start":{"line":205,"column":11},"end":{"line":205,"column":11}}]},"35":{"line":207,"type":"if","locations":[{"start":{"line":207,"column":6},"end":{"line":207,"column":6}},{"start":{"line":207,"column":6},"end":{"line":207,"column":6}}]},"36":{"line":209,"type":"if","locations":[{"start":{"line":209,"column":8},"end":{"line":209,"column":8}},{"start":{"line":209,"column":8},"end":{"line":209,"column":8}}]},"37":{"line":225,"type":"binary-expr","locations":[{"start":{"line":225,"column":9},"end":{"line":225,"column":31}},{"start":{"line":225,"column":35},"end":{"line":225,"column":69}}]},"38":{"line":229,"type":"if","locations":[{"start":{"line":229,"column":2},"end":{"line":229,"column":2}},{"start":{"line":229,"column":2},"end":{"line":229,"column":2}}]},"39":{"line":238,"type":"if","locations":[{"start":{"line":238,"column":2},"end":{"line":238,"column":2}},{"start":{"line":238,"column":2},"end":{"line":238,"column":2}}]},"40":{"line":240,"type":"if","locations":[{"start":{"line":240,"column":4},"end":{"line":240,"column":4}},{"start":{"line":240,"column":4},"end":{"line":240,"column":4}}]}},"code":["// todo: syntax checking","// todo: test handle args","var depthSplit = require('./depth-split')","","module.exports = function(query, shouldAssignParamIds){","  if (!query) return []","","  var result = []","    , prevChar, char","    , nextChar = query.charAt(0)","    , bStart = 0","    , bEnd = 0","    , partOffset = 0","    , pos = 0","    , depth = 0","    , mode = 'get'","    , deepQuery = null","","  // if query contains params then number them","  if (shouldAssignParamIds){","    query = assignParamIds(query)","  }","","  var tokens = {","    '.': {mode: 'get'},","    ':': {mode: 'filter'},","    '|': {handle: 'or'},","    '[': {open: 'select'},","    ']': {close: 'select'},","    '{': {open: 'meta'},","    '}': {close: 'meta'},","    '(': {open: 'args'},","    ')': {close: 'args'}","  }","","  function push(item){","    if (deepQuery){","      deepQuery.push(item)","    } else {","      result.push(item)","    }","  }","","  var handlers = {","    get: function(buffer){","      var trimmed = typeof buffer === 'string' ? buffer.trim() : null","      if (trimmed){","        push({get:trimmed})","      }","    },","    select: function(buffer){","      if (buffer){","        push(tokenizeSelect(buffer))","      } else {","        // deep query override","        var x = {deep: []}","        result.push(x)","        deepQuery = x.deep","      }","    },","    filter: function(buffer){","      if (buffer){","        push({filter:buffer.trim()})","      }","    },","    or: function(){","      deepQuery = null","      result.push({or:true})","      partOffset = i + 1","    },","    args: function(buffer){","      var args = tokenizeArgs(buffer)","      result[result.length-1].args = args","    }","  }","","  function handleBuffer(){","    var buffer = query.slice(bStart, bEnd)","    if (handlers[mode]){","      handlers[mode](buffer)","    }","    mode = 'get'","    bStart = bEnd + 1","  }","","  for (var i = 0;i < query.length;i++){","","    // update char values","    prevChar = char; char = nextChar; nextChar = query.charAt(i + 1);","    pos = i - partOffset","","    // root query check","    if (pos === 0 && (char !== ':' && char !== '.')){","      result.push({root:true})","    }","","    // parent query check","    if (pos === 0 && (char === '.' && nextChar === '.')){","      result.push({parent:true})","    }","","    var token = tokens[char]","    if (token){","","      // set mode","      if (depth === 0 && (token.mode || token.open)){","        handleBuffer()","        mode = token.mode || token.open","      }","","      if (depth === 0 && token.handle){","        handleBuffer()","        handlers[token.handle]()","      }","","      if (token.open){","        depth += 1","      } else if (token.close){","        depth -= 1","      }","","      // reset mode to get","      if (depth === 0 && token.close){","        handleBuffer()","      }","","    }","","    bEnd = i + 1","","  }","","  handleBuffer()","  return result","}","","function tokenizeArgs(argsQuery){","  if (argsQuery === ',') return [',']","  return depthSplit(argsQuery, /,/).map(function(s){","    return handleSelectPart(s.trim())","  })","}","","function tokenizeSelect (selectQuery) {","  if (selectQuery === '*') {","    return {","      values: true","    }","  } else if (selectQuery === '**') {","    return {","      values: true,","      deep: true","    }","  }","","  var multiple = false","  if (selectQuery.charAt(0) === '*') {","    multiple = true","    selectQuery = selectQuery.slice(1)","  }","","  var booleanParts = depthSplit(selectQuery, /&|\\|/, { includeDelimiters: true })","  if (booleanParts.length > 1) {","    var result = [","      getSelectPart(booleanParts[0].trim())","    ]","    for (var i = 1; i < booleanParts.length; i += 2) {","      var part = getSelectPart(booleanParts[i + 1].trim())","      if (part) {","        part.booleanOp = booleanParts[i]","        result.push(part)","      }","    }","    return {","      multiple: multiple,","      boolean: true,","      select: result","    }","  } else {","    var result = getSelectPart(selectQuery.trim())","    if (!result) {","      return {","        get: handleSelectPart(selectQuery.trim())","      }","    } else {","      if (multiple) {","        result.multiple = true","      }","      return result","    }","  }","}","","function getSelectPart (selectQuery) {","  var parts = depthSplit(selectQuery, /(!)?(=|~|\\:|<=|>=|<|>)/, { max: 2, includeDelimiters: true })","  if (parts.length === 3) {","    var negate = parts[1].charAt(0) === '!'","    var key = handleSelectPart(parts[0].trim())","    var result = {","      negate: negate,","      op: negate ? parts[1].slice(1) : parts[1]","    }","    if (result.op === ':') {","      result.select = [key, {_sub: module.exports(':' + parts[2].trim())}]","    } else if (result.op === '~') {","      var value = handleSelectPart(parts[2].trim())","      if (typeof value === 'string') {","        var reDef = parts[2].trim().match(/^\\/(.*)\\/([a-z]?)$/)","        if (reDef) {","          result.select = [key, new RegExp(reDef[1], reDef[2])]","        } else {","          result.select = [key, value]","        }","      } else {","        result.select = [key, value]","      }","    } else {","      result.select = [key, handleSelectPart(parts[2].trim())]","    }","    return result","  }","}","","function isInnerQuery (text) {","  return text.charAt(0) === '{' && text.charAt(text.length-1) === '}'","}","","function handleSelectPart(part){","  if (isInnerQuery(part)){","    var innerQuery = part.slice(1, -1)","    return {_sub: module.exports(innerQuery)}","  } else {","    return paramToken(part)","  }","}","","function paramToken(text){","  if (text.charAt(0) === '?'){","    var num = parseInt(text.slice(1))","    if (!isNaN(num)){","      return {_param: num}","    } else {","      return text","    }","  } else {","    return text","  }","}","","","","function assignParamIds(query){","  var index = 0","  return query.replace(/\\?/g, function(match){","    return match + (index++)","  })","}","","function last (array) {","  return array[array.length - 1]","}",""],"l":{"3":1,"5":1,"6":0,"8":0,"20":0,"21":0,"24":0,"36":1,"37":0,"38":0,"40":0,"44":0,"46":0,"47":0,"48":0,"52":0,"53":0,"56":0,"57":0,"58":0,"62":0,"63":0,"67":0,"68":0,"69":0,"72":0,"73":0,"77":1,"78":0,"79":0,"80":0,"82":0,"83":0,"86":0,"89":0,"90":0,"93":0,"94":0,"98":0,"99":0,"102":0,"103":0,"106":0,"107":0,"108":0,"111":0,"112":0,"113":0,"116":0,"117":0,"118":0,"119":0,"123":0,"124":0,"129":0,"133":0,"134":0,"137":1,"138":0,"139":0,"140":0,"144":1,"145":0,"146":0,"149":0,"150":0,"156":0,"157":0,"158":0,"159":0,"162":0,"163":0,"164":0,"167":0,"168":0,"169":0,"170":0,"171":0,"174":0,"180":0,"181":0,"182":0,"186":0,"187":0,"189":0,"194":1,"195":0,"196":0,"197":0,"198":0,"199":0,"203":0,"204":0,"205":0,"206":0,"207":0,"208":0,"209":0,"210":0,"212":0,"215":0,"218":0,"220":0,"224":1,"225":0,"228":1,"229":0,"230":0,"231":0,"233":0,"237":1,"238":0,"239":0,"240":0,"241":0,"243":0,"246":0,"252":1,"253":0,"254":0,"255":0,"259":1,"260":0}},"/home/travis/build/npmtest/node-npmtest-json-query/json-query/lib/depth-split.js":{"path":"/home/travis/build/npmtest/node-npmtest-json-query/json-query/lib/depth-split.js","s":{"1":1,"2":1,"3":0,"4":0,"5":0,"6":0,"7":0,"8":0,"9":0,"10":0,"11":0,"12":0,"13":0,"14":0,"15":0,"16":0,"17":0,"18":0,"19":0,"20":0,"21":0,"22":0,"23":0,"24":0,"25":0,"26":0,"27":0,"28":0,"29":0},"b":{"1":[0,0,0],"2":[0,0,0],"3":[0,0],"4":[0,0],"5":[0,0],"6":[0,0],"7":[0,0],"8":[0,0],"9":[0,0],"10":[0,0],"11":[0,0],"12":[0,0]},"f":{"1":0,"2":0},"fnMap":{"1":{"name":"depthSplit","line":3,"loc":{"start":{"line":3,"column":0},"end":{"line":3,"column":44}}},"2":{"name":"(anonymous_2)","line":12,"loc":{"start":{"line":12,"column":41},"end":{"line":12,"column":81}}}},"statementMap":{"1":{"start":{"line":1,"column":0},"end":{"line":1,"column":27}},"2":{"start":{"line":3,"column":0},"end":{"line":51,"column":1}},"3":{"start":{"line":4,"column":2},"end":{"line":4,"column":40}},"4":{"start":{"line":5,"column":2},"end":{"line":5,"column":65}},"5":{"start":{"line":7,"column":2},"end":{"line":7,"column":15}},"6":{"start":{"line":8,"column":2},"end":{"line":8,"column":15}},"7":{"start":{"line":9,"column":2},"end":{"line":9,"column":17}},"8":{"start":{"line":10,"column":2},"end":{"line":10,"column":16}},"9":{"start":{"line":12,"column":2},"end":{"line":24,"column":4}},"10":{"start":{"line":13,"column":4},"end":{"line":23,"column":5}},"11":{"start":{"line":14,"column":6},"end":{"line":16,"column":7}},"12":{"start":{"line":15,"column":8},"end":{"line":15,"column":35}},"13":{"start":{"line":17,"column":6},"end":{"line":17,"column":16}},"14":{"start":{"line":18,"column":11},"end":{"line":23,"column":5}},"15":{"start":{"line":19,"column":6},"end":{"line":19,"column":16}},"16":{"start":{"line":20,"column":6},"end":{"line":22,"column":7}},"17":{"start":{"line":21,"column":8},"end":{"line":21,"column":39}},"18":{"start":{"line":26,"column":2},"end":{"line":28,"column":3}},"19":{"start":{"line":27,"column":4},"end":{"line":27,"column":36}},"20":{"start":{"line":30,"column":2},"end":{"line":30,"column":11}},"21":{"start":{"line":32,"column":2},"end":{"line":44,"column":3}},"22":{"start":{"line":33,"column":4},"end":{"line":43,"column":5}},"23":{"start":{"line":38,"column":6},"end":{"line":38,"column":55}},"24":{"start":{"line":39,"column":6},"end":{"line":41,"column":7}},"25":{"start":{"line":40,"column":8},"end":{"line":40,"column":29}},"26":{"start":{"line":42,"column":6},"end":{"line":42,"column":14}},"27":{"start":{"line":46,"column":2},"end":{"line":48,"column":3}},"28":{"start":{"line":47,"column":4},"end":{"line":47,"column":34}},"29":{"start":{"line":50,"column":2},"end":{"line":50,"column":15}}},"branchMap":{"1":{"line":4,"type":"binary-expr","locations":[{"start":{"line":4,"column":12},"end":{"line":4,"column":16}},{"start":{"line":4,"column":20},"end":{"line":4,"column":28}},{"start":{"line":4,"column":32},"end":{"line":4,"column":40}}]},"2":{"line":5,"type":"binary-expr","locations":[{"start":{"line":5,"column":26},"end":{"line":5,"column":30}},{"start":{"line":5,"column":34},"end":{"line":5,"column":56}},{"start":{"line":5,"column":60},"end":{"line":5,"column":65}}]},"3":{"line":13,"type":"if","locations":[{"start":{"line":13,"column":4},"end":{"line":13,"column":4}},{"start":{"line":13,"column":4},"end":{"line":13,"column":4}}]},"4":{"line":14,"type":"if","locations":[{"start":{"line":14,"column":6},"end":{"line":14,"column":6}},{"start":{"line":14,"column":6},"end":{"line":14,"column":6}}]},"5":{"line":18,"type":"if","locations":[{"start":{"line":18,"column":11},"end":{"line":18,"column":11}},{"start":{"line":18,"column":11},"end":{"line":18,"column":11}}]},"6":{"line":20,"type":"if","locations":[{"start":{"line":20,"column":6},"end":{"line":20,"column":6}},{"start":{"line":20,"column":6},"end":{"line":20,"column":6}}]},"7":{"line":26,"type":"if","locations":[{"start":{"line":26,"column":2},"end":{"line":26,"column":2}},{"start":{"line":26,"column":2},"end":{"line":26,"column":2}}]},"8":{"line":26,"type":"binary-expr","locations":[{"start":{"line":26,"column":6},"end":{"line":26,"column":17}},{"start":{"line":26,"column":21},"end":{"line":26,"column":40}}]},"9":{"line":32,"type":"binary-expr","locations":[{"start":{"line":32,"column":18},"end":{"line":32,"column":34}},{"start":{"line":32,"column":38},"end":{"line":32,"column":45}}]},"10":{"line":35,"type":"binary-expr","locations":[{"start":{"line":35,"column":6},"end":{"line":35,"column":11}},{"start":{"line":35,"column":15},"end":{"line":35,"column":22}}]},"11":{"line":39,"type":"if","locations":[{"start":{"line":39,"column":6},"end":{"line":39,"column":6}},{"start":{"line":39,"column":6},"end":{"line":39,"column":6}}]},"12":{"line":46,"type":"if","locations":[{"start":{"line":46,"column":2},"end":{"line":46,"column":2}},{"start":{"line":46,"column":2},"end":{"line":46,"column":2}}]}},"code":["module.exports = depthSplit","","function depthSplit (text, delimiter, opts) {","  var max = opts && opts.max || Infinity","  var includeDelimiters = opts && opts.includeDelimiters || false","","  var depth = 0","  var start = 0","  var result = []","  var zones = []","","  text.replace(/([\\[\\(\\{])|([\\]\\)\\}])/g, function (current, open, close, offset) {","    if (open) {","      if (depth === 0) {","        zones.push([start, offset])","      }","      depth += 1","    } else if (close) {","      depth -= 1","      if (depth === 0) {","        start = offset + current.length","      }","    }","  })","","  if (depth === 0 && start < text.length) {","    zones.push([start, text.length])","  }","","  start = 0","","  for (var i = 0; i < zones.length && max > 0; i++) {","    for (","      var pos = zones[i][0], match = delimiter.exec(text.slice(pos, zones[i][1]));","      match && max > 1;","      pos += match.index + match[0].length, start = pos, match = delimiter.exec(text.slice(pos, zones[i][1]))","    ) {","      result.push(text.slice(start, match.index + pos))","      if (includeDelimiters) {","        result.push(match[0])","      }","      max -= 1","    }","  }","","  if (start < text.length) {","    result.push(text.slice(start))","  }","","  return result","}",""],"l":{"1":1,"3":1,"4":0,"5":0,"7":0,"8":0,"9":0,"10":0,"12":0,"13":0,"14":0,"15":0,"17":0,"18":0,"19":0,"20":0,"21":0,"26":0,"27":0,"30":0,"32":0,"33":0,"38":0,"39":0,"40":0,"42":0,"46":0,"47":0,"50":0}}}